{"/home/asishk/Desktop/BC-53/Bootcamp_53_BookDiscovery/src/App.tsx": {"path":"/home/asishk/Desktop/BC-53/Bootcamp_53_BookDiscovery/src/App.tsx","statementMap":{"0":{"start":{"line":5,"column":2},"end":{"line":5,"column":37}}},"fnMap":{"0":{"name":"App","decl":{"start":{"line":4,"column":9},"end":{"line":4,"column":12}},"loc":{"start":{"line":4,"column":15},"end":{"line":6,"column":1}},"line":4}},"branchMap":{},"s":{"0":0},"f":{"0":0},"b":{}}
,"/home/asishk/Desktop/BC-53/Bootcamp_53_BookDiscovery/src/index.tsx": {"path":"/home/asishk/Desktop/BC-53/Bootcamp_53_BookDiscovery/src/index.tsx","statementMap":{"0":{"start":{"line":7,"column":0},"end":{"line":9,"column":1}},"1":{"start":{"line":8,"column":2},"end":{"line":8,"column":17}},"2":{"start":{"line":11,"column":13},"end":{"line":13,"column":1}},"3":{"start":{"line":14,"column":0},"end":{"line":18,"column":2}},"4":{"start":{"line":19,"column":0},"end":{"line":19,"column":18}}},"fnMap":{},"branchMap":{"0":{"loc":{"start":{"line":7,"column":0},"end":{"line":9,"column":1}},"type":"if","locations":[{"start":{"line":7,"column":0},"end":{"line":9,"column":1}},{"start":{},"end":{}}],"line":7}},"s":{"0":0,"1":0,"2":0,"3":0,"4":0},"f":{},"b":{"0":[0,0]}}
,"/home/asishk/Desktop/BC-53/Bootcamp_53_BookDiscovery/src/reportWebVitals.ts": {"path":"/home/asishk/Desktop/BC-53/Bootcamp_53_BookDiscovery/src/reportWebVitals.ts","statementMap":{"0":{"start":{"line":3,"column":24},"end":{"line":13,"column":1}},"1":{"start":{"line":4,"column":2},"end":{"line":12,"column":3}},"2":{"start":{"line":5,"column":4},"end":{"line":11,"column":7}},"3":{"start":{"line":6,"column":6},"end":{"line":6,"column":26}},"4":{"start":{"line":7,"column":6},"end":{"line":7,"column":26}},"5":{"start":{"line":8,"column":6},"end":{"line":8,"column":26}},"6":{"start":{"line":9,"column":6},"end":{"line":9,"column":26}},"7":{"start":{"line":10,"column":6},"end":{"line":10,"column":27}}},"fnMap":{"0":{"name":"(anonymous_0)","decl":{"start":{"line":3,"column":24},"end":{"line":3,"column":25}},"loc":{"start":{"line":3,"column":57},"end":{"line":13,"column":1}},"line":3},"1":{"name":"(anonymous_1)","decl":{"start":{"line":5,"column":30},"end":{"line":5,"column":31}},"loc":{"start":{"line":5,"column":79},"end":{"line":11,"column":5}},"line":5}},"branchMap":{"0":{"loc":{"start":{"line":4,"column":2},"end":{"line":12,"column":3}},"type":"if","locations":[{"start":{"line":4,"column":2},"end":{"line":12,"column":3}},{"start":{},"end":{}}],"line":4},"1":{"loc":{"start":{"line":4,"column":6},"end":{"line":4,"column":52}},"type":"binary-expr","locations":[{"start":{"line":4,"column":6},"end":{"line":4,"column":17}},{"start":{"line":4,"column":21},"end":{"line":4,"column":52}}],"line":4}},"s":{"0":0,"1":0,"2":0,"3":0,"4":0,"5":0,"6":0,"7":0},"f":{"0":0,"1":0},"b":{"0":[0,0],"1":[0,0]}}
,"/home/asishk/Desktop/BC-53/Bootcamp_53_BookDiscovery/src/Components/atoms/Buttons/index.stories.tsx": {"path":"/home/asishk/Desktop/BC-53/Bootcamp_53_BookDiscovery/src/Components/atoms/Buttons/index.stories.tsx","statementMap":{"0":{"start":{"line":12,"column":39},"end":{"line":14,"column":1}},"1":{"start":{"line":13,"column":2},"end":{"line":13,"column":47}},"2":{"start":{"line":16,"column":28},"end":{"line":16,"column":45}},"3":{"start":{"line":18,"column":0},"end":{"line":22,"column":2}}},"fnMap":{"0":{"name":"(anonymous_0)","decl":{"start":{"line":12,"column":39},"end":{"line":12,"column":40}},"loc":{"start":{"line":13,"column":2},"end":{"line":13,"column":47}},"line":13}},"branchMap":{},"s":{"0":0,"1":0,"2":0,"3":0},"f":{"0":0},"b":{}}
,"/home/asishk/Desktop/BC-53/Bootcamp_53_BookDiscovery/src/Components/atoms/Buttons/index.tsx": {"path":"/home/asishk/Desktop/BC-53/Bootcamp_53_BookDiscovery/src/Components/atoms/Buttons/index.tsx","statementMap":{"0":{"start":{"line":6,"column":49},"end":{"line":8,"column":1}},"1":{"start":{"line":7,"column":2},"end":{"line":7,"column":53}}},"fnMap":{"0":{"name":"(anonymous_0)","decl":{"start":{"line":6,"column":49},"end":{"line":6,"column":50}},"loc":{"start":{"line":6,"column":76},"end":{"line":8,"column":1}},"line":6}},"branchMap":{},"s":{"0":13,"1":14},"f":{"0":14},"b":{},"_coverageSchema":"1a1c01bbd47fc00a2c39e90264f33305004495a9","hash":"013c308e78cec8354eacfc7448d6d1902dae82fa"}
,"/home/asishk/Desktop/BC-53/Bootcamp_53_BookDiscovery/src/Components/atoms/Logo/index.stories.tsx": {"path":"/home/asishk/Desktop/BC-53/Bootcamp_53_BookDiscovery/src/Components/atoms/Logo/index.stories.tsx","statementMap":{"0":{"start":{"line":11,"column":51},"end":{"line":13,"column":5}},"1":{"start":{"line":12,"column":4},"end":{"line":12,"column":25}},"2":{"start":{"line":14,"column":29},"end":{"line":14,"column":46}},"3":{"start":{"line":16,"column":4},"end":{"line":18,"column":5}}},"fnMap":{"0":{"name":"(anonymous_0)","decl":{"start":{"line":11,"column":51},"end":{"line":11,"column":52}},"loc":{"start":{"line":12,"column":4},"end":{"line":12,"column":25}},"line":12}},"branchMap":{},"s":{"0":0,"1":0,"2":0,"3":0},"f":{"0":0},"b":{}}
,"/home/asishk/Desktop/BC-53/Bootcamp_53_BookDiscovery/src/Components/atoms/Logo/index.tsx": {"path":"/home/asishk/Desktop/BC-53/Bootcamp_53_BookDiscovery/src/Components/atoms/Logo/index.tsx","statementMap":{"0":{"start":{"line":10,"column":17},"end":{"line":14,"column":1}},"1":{"start":{"line":11,"column":2},"end":{"line":13,"column":3}}},"fnMap":{"0":{"name":"(anonymous_0)","decl":{"start":{"line":10,"column":17},"end":{"line":10,"column":18}},"loc":{"start":{"line":10,"column":35},"end":{"line":14,"column":1}},"line":10}},"branchMap":{},"s":{"0":7,"1":7},"f":{"0":7},"b":{},"_coverageSchema":"1a1c01bbd47fc00a2c39e90264f33305004495a9","hash":"4c0d40fb0e6d139e39ab6f3a103ad4df59ef80e4"}
,"/home/asishk/Desktop/BC-53/Bootcamp_53_BookDiscovery/src/Components/atoms/icons/index.stories.tsx": {"path":"/home/asishk/Desktop/BC-53/Bootcamp_53_BookDiscovery/src/Components/atoms/icons/index.stories.tsx","statementMap":{"0":{"start":{"line":14,"column":48},"end":{"line":16,"column":1}},"1":{"start":{"line":15,"column":4},"end":{"line":15,"column":23}},"2":{"start":{"line":18,"column":34},"end":{"line":18,"column":51}},"3":{"start":{"line":19,"column":0},"end":{"line":21,"column":2}},"4":{"start":{"line":23,"column":26},"end":{"line":23,"column":43}},"5":{"start":{"line":24,"column":0},"end":{"line":27,"column":2}},"6":{"start":{"line":29,"column":28},"end":{"line":29,"column":45}},"7":{"start":{"line":30,"column":0},"end":{"line":34,"column":2}}},"fnMap":{"0":{"name":"(anonymous_0)","decl":{"start":{"line":14,"column":48},"end":{"line":14,"column":49}},"loc":{"start":{"line":15,"column":4},"end":{"line":15,"column":23}},"line":15}},"branchMap":{},"s":{"0":0,"1":0,"2":0,"3":0,"4":0,"5":0,"6":0,"7":0},"f":{"0":0},"b":{}}
,"/home/asishk/Desktop/BC-53/Bootcamp_53_BookDiscovery/src/Components/atoms/icons/index.tsx": {"path":"/home/asishk/Desktop/BC-53/Bootcamp_53_BookDiscovery/src/Components/atoms/icons/index.tsx","statementMap":{"0":{"start":{"line":9,"column":14},"end":{"line":19,"column":1}},"1":{"start":{"line":10,"column":2},"end":{"line":18,"column":4}}},"fnMap":{"0":{"name":"(anonymous_0)","decl":{"start":{"line":9,"column":14},"end":{"line":9,"column":15}},"loc":{"start":{"line":9,"column":37},"end":{"line":19,"column":1}},"line":9}},"branchMap":{},"s":{"0":18,"1":68},"f":{"0":68},"b":{},"_coverageSchema":"1a1c01bbd47fc00a2c39e90264f33305004495a9","hash":"5368ec9f02967c7feb5f720bfbb5ab77c706ce79"}
,"/home/asishk/Desktop/BC-53/Bootcamp_53_BookDiscovery/src/Components/molecules/Dropdown/index.stories.tsx": {"path":"/home/asishk/Desktop/BC-53/Bootcamp_53_BookDiscovery/src/Components/molecules/Dropdown/index.stories.tsx","statementMap":{"0":{"start":{"line":10,"column":51},"end":{"line":12,"column":5}},"1":{"start":{"line":11,"column":4},"end":{"line":11,"column":25}},"2":{"start":{"line":13,"column":33},"end":{"line":13,"column":50}},"3":{"start":{"line":15,"column":4},"end":{"line":18,"column":5}}},"fnMap":{"0":{"name":"(anonymous_0)","decl":{"start":{"line":10,"column":51},"end":{"line":10,"column":52}},"loc":{"start":{"line":11,"column":4},"end":{"line":11,"column":25}},"line":11}},"branchMap":{},"s":{"0":0,"1":0,"2":0,"3":0},"f":{"0":0},"b":{}}
,"/home/asishk/Desktop/BC-53/Bootcamp_53_BookDiscovery/src/Components/molecules/Dropdown/index.tsx": {"path":"/home/asishk/Desktop/BC-53/Bootcamp_53_BookDiscovery/src/Components/molecules/Dropdown/index.tsx","statementMap":{"0":{"start":{"line":15,"column":17},"end":{"line":43,"column":1}},"1":{"start":{"line":16,"column":38},"end":{"line":16,"column":56}},"2":{"start":{"line":18,"column":23},"end":{"line":20,"column":3}},"3":{"start":{"line":19,"column":4},"end":{"line":19,"column":38}},"4":{"start":{"line":21,"column":2},"end":{"line":42,"column":4}},"5":{"start":{"line":34,"column":10},"end":{"line":38,"column":12}}},"fnMap":{"0":{"name":"(anonymous_0)","decl":{"start":{"line":15,"column":17},"end":{"line":15,"column":18}},"loc":{"start":{"line":15,"column":43},"end":{"line":43,"column":1}},"line":15},"1":{"name":"(anonymous_1)","decl":{"start":{"line":18,"column":23},"end":{"line":18,"column":24}},"loc":{"start":{"line":18,"column":53},"end":{"line":20,"column":3}},"line":18},"2":{"name":"(anonymous_2)","decl":{"start":{"line":33,"column":29},"end":{"line":33,"column":30}},"loc":{"start":{"line":33,"column":43},"end":{"line":39,"column":9}},"line":33}},"branchMap":{},"s":{"0":4,"1":8,"2":8,"3":1,"4":8,"5":24},"f":{"0":8,"1":1,"2":24},"b":{},"_coverageSchema":"1a1c01bbd47fc00a2c39e90264f33305004495a9","hash":"2cabe780bfcc0caa58ef7e94f8be1a10b7f874e1"}
,"/home/asishk/Desktop/BC-53/Bootcamp_53_BookDiscovery/src/Components/molecules/Pagination/index.stories.tsx": {"path":"/home/asishk/Desktop/BC-53/Bootcamp_53_BookDiscovery/src/Components/molecules/Pagination/index.stories.tsx","statementMap":{"0":{"start":{"line":10,"column":57},"end":{"line":12,"column":5}},"1":{"start":{"line":11,"column":4},"end":{"line":11,"column":31}},"2":{"start":{"line":13,"column":35},"end":{"line":13,"column":52}},"3":{"start":{"line":15,"column":4},"end":{"line":18,"column":5}},"4":{"start":{"line":17,"column":22},"end":{"line":17,"column":47}}},"fnMap":{"0":{"name":"(anonymous_0)","decl":{"start":{"line":10,"column":57},"end":{"line":10,"column":58}},"loc":{"start":{"line":11,"column":4},"end":{"line":11,"column":31}},"line":11},"1":{"name":"(anonymous_1)","decl":{"start":{"line":17,"column":16},"end":{"line":17,"column":17}},"loc":{"start":{"line":17,"column":22},"end":{"line":17,"column":47}},"line":17}},"branchMap":{},"s":{"0":0,"1":0,"2":0,"3":0,"4":0},"f":{"0":0,"1":0},"b":{}}
,"/home/asishk/Desktop/BC-53/Bootcamp_53_BookDiscovery/src/Components/molecules/Pagination/index.tsx": {"path":"/home/asishk/Desktop/BC-53/Bootcamp_53_BookDiscovery/src/Components/molecules/Pagination/index.tsx","statementMap":{"0":{"start":{"line":16,"column":18},"end":{"line":37,"column":5}},"1":{"start":{"line":16,"column":36},"end":{"line":37,"column":3}},"2":{"start":{"line":40,"column":23},"end":{"line":51,"column":1}},"3":{"start":{"line":41,"column":20},"end":{"line":41,"column":31}},"4":{"start":{"line":42,"column":4},"end":{"line":50,"column":5}},"5":{"start":{"line":46,"column":140},"end":{"line":46,"column":173}}},"fnMap":{"0":{"name":"(anonymous_0)","decl":{"start":{"line":16,"column":29},"end":{"line":16,"column":30}},"loc":{"start":{"line":16,"column":36},"end":{"line":37,"column":3}},"line":16},"1":{"name":"(anonymous_1)","decl":{"start":{"line":40,"column":23},"end":{"line":40,"column":24}},"loc":{"start":{"line":40,"column":40},"end":{"line":51,"column":1}},"line":40},"2":{"name":"(anonymous_2)","decl":{"start":{"line":46,"column":80},"end":{"line":46,"column":81}},"loc":{"start":{"line":46,"column":140},"end":{"line":46,"column":173}},"line":46}},"branchMap":{},"s":{"0":4,"1":4,"2":4,"3":4,"4":4,"5":0},"f":{"0":4,"1":4,"2":0},"b":{},"_coverageSchema":"1a1c01bbd47fc00a2c39e90264f33305004495a9","hash":"322f5894f0831f0ba34d994d5c2e6689d293bdad"}
,"/home/asishk/Desktop/BC-53/Bootcamp_53_BookDiscovery/src/Components/molecules/alsoRead/index.stories.tsx": {"path":"/home/asishk/Desktop/BC-53/Bootcamp_53_BookDiscovery/src/Components/molecules/alsoRead/index.stories.tsx","statementMap":{"0":{"start":{"line":12,"column":51},"end":{"line":14,"column":5}},"1":{"start":{"line":13,"column":4},"end":{"line":13,"column":25}},"2":{"start":{"line":15,"column":32},"end":{"line":15,"column":49}},"3":{"start":{"line":17,"column":4},"end":{"line":23,"column":1}},"4":{"start":{"line":25,"column":27},"end":{"line":25,"column":44}},"5":{"start":{"line":27,"column":0},"end":{"line":33,"column":1}}},"fnMap":{"0":{"name":"(anonymous_0)","decl":{"start":{"line":12,"column":51},"end":{"line":12,"column":52}},"loc":{"start":{"line":13,"column":4},"end":{"line":13,"column":25}},"line":13}},"branchMap":{},"s":{"0":0,"1":0,"2":0,"3":0,"4":0,"5":0},"f":{"0":0},"b":{}}
,"/home/asishk/Desktop/BC-53/Bootcamp_53_BookDiscovery/src/Components/molecules/alsoRead/index.tsx": {"path":"/home/asishk/Desktop/BC-53/Bootcamp_53_BookDiscovery/src/Components/molecules/alsoRead/index.tsx","statementMap":{"0":{"start":{"line":22,"column":18},"end":{"line":61,"column":2}},"1":{"start":{"line":63,"column":17},"end":{"line":122,"column":1}},"2":{"start":{"line":64,"column":18},"end":{"line":64,"column":29}},"3":{"start":{"line":65,"column":2},"end":{"line":121,"column":4}}},"fnMap":{"0":{"name":"(anonymous_0)","decl":{"start":{"line":63,"column":17},"end":{"line":63,"column":18}},"loc":{"start":{"line":63,"column":43},"end":{"line":122,"column":1}},"line":63}},"branchMap":{},"s":{"0":2,"1":2,"2":7,"3":7},"f":{"0":7},"b":{},"_coverageSchema":"1a1c01bbd47fc00a2c39e90264f33305004495a9","hash":"bee17fe81fac284562fbd9b5a88dbbd7d1f32671"}
,"/home/asishk/Desktop/BC-53/Bootcamp_53_BookDiscovery/src/Components/molecules/banner/index.stories.tsx": {"path":"/home/asishk/Desktop/BC-53/Bootcamp_53_BookDiscovery/src/Components/molecules/banner/index.stories.tsx","statementMap":{"0":{"start":{"line":11,"column":57},"end":{"line":13,"column":1}},"1":{"start":{"line":12,"column":2},"end":{"line":12,"column":47}},"2":{"start":{"line":15,"column":22},"end":{"line":15,"column":39}},"3":{"start":{"line":17,"column":0},"end":{"line":19,"column":2}}},"fnMap":{"0":{"name":"(anonymous_0)","decl":{"start":{"line":11,"column":57},"end":{"line":11,"column":58}},"loc":{"start":{"line":12,"column":2},"end":{"line":12,"column":47}},"line":12}},"branchMap":{},"s":{"0":0,"1":0,"2":0,"3":0},"f":{"0":0},"b":{}}
,"/home/asishk/Desktop/BC-53/Bootcamp_53_BookDiscovery/src/Components/molecules/banner/index.tsx": {"path":"/home/asishk/Desktop/BC-53/Bootcamp_53_BookDiscovery/src/Components/molecules/banner/index.tsx","statementMap":{"0":{"start":{"line":17,"column":18},"end":{"line":21,"column":2}},"1":{"start":{"line":23,"column":16},"end":{"line":28,"column":2}},"2":{"start":{"line":30,"column":17},"end":{"line":35,"column":2}},"3":{"start":{"line":37,"column":24},"end":{"line":70,"column":1}},"4":{"start":{"line":38,"column":2},"end":{"line":69,"column":4}}},"fnMap":{"0":{"name":"(anonymous_0)","decl":{"start":{"line":37,"column":24},"end":{"line":37,"column":25}},"loc":{"start":{"line":37,"column":48},"end":{"line":70,"column":1}},"line":37}},"branchMap":{},"s":{"0":3,"1":3,"2":3,"3":3,"4":3},"f":{"0":3},"b":{},"_coverageSchema":"1a1c01bbd47fc00a2c39e90264f33305004495a9","hash":"4dc93e4fe1294bf8e332b5569ace257706495b1e"}
,"/home/asishk/Desktop/BC-53/Bootcamp_53_BookDiscovery/src/Components/molecules/bookDescription/index.stories.tsx": {"path":"/home/asishk/Desktop/BC-53/Bootcamp_53_BookDiscovery/src/Components/molecules/bookDescription/index.stories.tsx","statementMap":{"0":{"start":{"line":12,"column":58},"end":{"line":14,"column":5}},"1":{"start":{"line":13,"column":4},"end":{"line":13,"column":32}},"2":{"start":{"line":15,"column":38},"end":{"line":15,"column":55}},"3":{"start":{"line":17,"column":4},"end":{"line":22,"column":5}},"4":{"start":{"line":24,"column":42},"end":{"line":24,"column":59}},"5":{"start":{"line":26,"column":4},"end":{"line":31,"column":5}}},"fnMap":{"0":{"name":"(anonymous_0)","decl":{"start":{"line":12,"column":58},"end":{"line":12,"column":59}},"loc":{"start":{"line":13,"column":4},"end":{"line":13,"column":32}},"line":13}},"branchMap":{},"s":{"0":0,"1":0,"2":0,"3":0,"4":0,"5":0},"f":{"0":0},"b":{}}
,"/home/asishk/Desktop/BC-53/Bootcamp_53_BookDiscovery/src/Components/molecules/bookDescription/index.tsx": {"path":"/home/asishk/Desktop/BC-53/Bootcamp_53_BookDiscovery/src/Components/molecules/bookDescription/index.tsx","statementMap":{"0":{"start":{"line":15,"column":18},"end":{"line":30,"column":2}},"1":{"start":{"line":32,"column":24},"end":{"line":54,"column":1}},"2":{"start":{"line":33,"column":18},"end":{"line":33,"column":29}},"3":{"start":{"line":34,"column":4},"end":{"line":53,"column":5}}},"fnMap":{"0":{"name":"(anonymous_0)","decl":{"start":{"line":32,"column":24},"end":{"line":32,"column":25}},"loc":{"start":{"line":32,"column":56},"end":{"line":54,"column":1}},"line":32}},"branchMap":{},"s":{"0":2,"1":2,"2":2,"3":2},"f":{"0":2},"b":{},"_coverageSchema":"1a1c01bbd47fc00a2c39e90264f33305004495a9","hash":"381f92efd19246c0d6363635a4056a5e14ad21bc"}
,"/home/asishk/Desktop/BC-53/Bootcamp_53_BookDiscovery/src/Components/molecules/bookReading/index.stories.tsx": {"path":"/home/asishk/Desktop/BC-53/Bootcamp_53_BookDiscovery/src/Components/molecules/bookReading/index.stories.tsx","statementMap":{"0":{"start":{"line":21,"column":42},"end":{"line":23,"column":1}},"1":{"start":{"line":22,"column":2},"end":{"line":22,"column":57}},"2":{"start":{"line":25,"column":21},"end":{"line":25,"column":38}},"3":{"start":{"line":26,"column":0},"end":{"line":34,"column":2}}},"fnMap":{"0":{"name":"(anonymous_0)","decl":{"start":{"line":21,"column":42},"end":{"line":21,"column":43}},"loc":{"start":{"line":22,"column":2},"end":{"line":22,"column":57}},"line":22}},"branchMap":{},"s":{"0":0,"1":0,"2":0,"3":0},"f":{"0":0},"b":{}}
,"/home/asishk/Desktop/BC-53/Bootcamp_53_BookDiscovery/src/Components/molecules/bookReading/index.tsx": {"path":"/home/asishk/Desktop/BC-53/Bootcamp_53_BookDiscovery/src/Components/molecules/bookReading/index.tsx","statementMap":{"0":{"start":{"line":17,"column":16},"end":{"line":21,"column":2}},"1":{"start":{"line":23,"column":17},"end":{"line":28,"column":2}},"2":{"start":{"line":30,"column":16},"end":{"line":35,"column":2}},"3":{"start":{"line":37,"column":29},"end":{"line":62,"column":1}},"4":{"start":{"line":38,"column":2},"end":{"line":61,"column":4}}},"fnMap":{"0":{"name":"(anonymous_0)","decl":{"start":{"line":37,"column":29},"end":{"line":37,"column":30}},"loc":{"start":{"line":37,"column":58},"end":{"line":62,"column":1}},"line":37}},"branchMap":{},"s":{"0":3,"1":3,"2":3,"3":3,"4":1},"f":{"0":1},"b":{},"_coverageSchema":"1a1c01bbd47fc00a2c39e90264f33305004495a9","hash":"066a4adbac8f32fa1cc592bda5dbaa475ec19f96"}
,"/home/asishk/Desktop/BC-53/Bootcamp_53_BookDiscovery/src/Components/molecules/card/index.stories.tsx": {"path":"/home/asishk/Desktop/BC-53/Bootcamp_53_BookDiscovery/src/Components/molecules/card/index.stories.tsx","statementMap":{"0":{"start":{"line":21,"column":35},"end":{"line":21,"column":76}},"1":{"start":{"line":21,"column":45},"end":{"line":21,"column":76}},"2":{"start":{"line":23,"column":20},"end":{"line":23,"column":37}},"3":{"start":{"line":24,"column":0},"end":{"line":32,"column":2}}},"fnMap":{"0":{"name":"(anonymous_0)","decl":{"start":{"line":21,"column":35},"end":{"line":21,"column":36}},"loc":{"start":{"line":21,"column":45},"end":{"line":21,"column":76}},"line":21}},"branchMap":{},"s":{"0":0,"1":0,"2":0,"3":0},"f":{"0":0},"b":{}}
,"/home/asishk/Desktop/BC-53/Bootcamp_53_BookDiscovery/src/Components/molecules/card/index.tsx": {"path":"/home/asishk/Desktop/BC-53/Bootcamp_53_BookDiscovery/src/Components/molecules/card/index.tsx","statementMap":{"0":{"start":{"line":22,"column":17},"end":{"line":27,"column":2}},"1":{"start":{"line":29,"column":17},"end":{"line":67,"column":1}},"2":{"start":{"line":30,"column":2},"end":{"line":66,"column":4}}},"fnMap":{"0":{"name":"(anonymous_0)","decl":{"start":{"line":29,"column":17},"end":{"line":29,"column":18}},"loc":{"start":{"line":29,"column":39},"end":{"line":67,"column":1}},"line":29}},"branchMap":{},"s":{"0":5,"1":5,"2":1},"f":{"0":1},"b":{},"_coverageSchema":"1a1c01bbd47fc00a2c39e90264f33305004495a9","hash":"af64d591ec1d0d8a9bca5b674a0c75f1a86c9838"}
,"/home/asishk/Desktop/BC-53/Bootcamp_53_BookDiscovery/src/Components/molecules/followReviews/index.stories.tsx": {"path":"/home/asishk/Desktop/BC-53/Bootcamp_53_BookDiscovery/src/Components/molecules/followReviews/index.stories.tsx","statementMap":{"0":{"start":{"line":12,"column":55},"end":{"line":12,"column":91}},"1":{"start":{"line":12,"column":65},"end":{"line":12,"column":91}},"2":{"start":{"line":13,"column":23},"end":{"line":13,"column":40}},"3":{"start":{"line":14,"column":0},"end":{"line":20,"column":1}},"4":{"start":{"line":22,"column":24},"end":{"line":22,"column":41}},"5":{"start":{"line":23,"column":0},"end":{"line":29,"column":1}}},"fnMap":{"0":{"name":"(anonymous_0)","decl":{"start":{"line":12,"column":55},"end":{"line":12,"column":56}},"loc":{"start":{"line":12,"column":65},"end":{"line":12,"column":91}},"line":12}},"branchMap":{},"s":{"0":0,"1":0,"2":0,"3":0,"4":0,"5":0},"f":{"0":0},"b":{}}
,"/home/asishk/Desktop/BC-53/Bootcamp_53_BookDiscovery/src/Components/molecules/followReviews/index.tsx": {"path":"/home/asishk/Desktop/BC-53/Bootcamp_53_BookDiscovery/src/Components/molecules/followReviews/index.tsx","statementMap":{"0":{"start":{"line":16,"column":22},"end":{"line":53,"column":1}},"1":{"start":{"line":17,"column":4},"end":{"line":52,"column":5}}},"fnMap":{"0":{"name":"(anonymous_0)","decl":{"start":{"line":16,"column":22},"end":{"line":16,"column":23}},"loc":{"start":{"line":16,"column":89},"end":{"line":53,"column":1}},"line":16}},"branchMap":{},"s":{"0":2,"1":5},"f":{"0":5},"b":{},"_coverageSchema":"1a1c01bbd47fc00a2c39e90264f33305004495a9","hash":"a5a6767f234b70b645ffdeb0c06c922c1ace873d"}
,"/home/asishk/Desktop/BC-53/Bootcamp_53_BookDiscovery/src/Components/molecules/landingpage/index.stories.tsx": {"path":"/home/asishk/Desktop/BC-53/Bootcamp_53_BookDiscovery/src/Components/molecules/landingpage/index.stories.tsx","statementMap":{"0":{"start":{"line":10,"column":61},"end":{"line":12,"column":5}},"1":{"start":{"line":11,"column":4},"end":{"line":11,"column":25}},"2":{"start":{"line":13,"column":43},"end":{"line":13,"column":60}}},"fnMap":{"0":{"name":"(anonymous_0)","decl":{"start":{"line":10,"column":61},"end":{"line":10,"column":62}},"loc":{"start":{"line":11,"column":4},"end":{"line":11,"column":25}},"line":11}},"branchMap":{},"s":{"0":0,"1":0,"2":0},"f":{"0":0},"b":{}}
,"/home/asishk/Desktop/BC-53/Bootcamp_53_BookDiscovery/src/Components/molecules/landingpage/index.tsx": {"path":"/home/asishk/Desktop/BC-53/Bootcamp_53_BookDiscovery/src/Components/molecules/landingpage/index.tsx","statementMap":{"0":{"start":{"line":12,"column":27},"end":{"line":50,"column":1}},"1":{"start":{"line":13,"column":2},"end":{"line":49,"column":4}}},"fnMap":{"0":{"name":"(anonymous_0)","decl":{"start":{"line":12,"column":27},"end":{"line":12,"column":28}},"loc":{"start":{"line":12,"column":33},"end":{"line":50,"column":1}},"line":12}},"branchMap":{},"s":{"0":2,"1":2},"f":{"0":2},"b":{},"_coverageSchema":"1a1c01bbd47fc00a2c39e90264f33305004495a9","hash":"1fe23e810f3bbb5a0a84ea2f5a37ec643c529788"}
,"/home/asishk/Desktop/BC-53/Bootcamp_53_BookDiscovery/src/Components/molecules/list/index.stories.tsx": {"path":"/home/asishk/Desktop/BC-53/Bootcamp_53_BookDiscovery/src/Components/molecules/list/index.stories.tsx","statementMap":{"0":{"start":{"line":12,"column":46},"end":{"line":12,"column":73}},"1":{"start":{"line":12,"column":56},"end":{"line":12,"column":73}},"2":{"start":{"line":14,"column":27},"end":{"line":14,"column":44}},"3":{"start":{"line":16,"column":0},"end":{"line":25,"column":1}},"4":{"start":{"line":27,"column":29},"end":{"line":27,"column":46}},"5":{"start":{"line":28,"column":0},"end":{"line":37,"column":1}}},"fnMap":{"0":{"name":"(anonymous_0)","decl":{"start":{"line":12,"column":46},"end":{"line":12,"column":47}},"loc":{"start":{"line":12,"column":56},"end":{"line":12,"column":73}},"line":12}},"branchMap":{},"s":{"0":0,"1":0,"2":0,"3":0,"4":0,"5":0},"f":{"0":0},"b":{}}
,"/home/asishk/Desktop/BC-53/Bootcamp_53_BookDiscovery/src/Components/molecules/list/index.tsx": {"path":"/home/asishk/Desktop/BC-53/Bootcamp_53_BookDiscovery/src/Components/molecules/list/index.tsx","statementMap":{"0":{"start":{"line":17,"column":21},"end":{"line":22,"column":1}},"1":{"start":{"line":24,"column":13},"end":{"line":76,"column":1}},"2":{"start":{"line":35,"column":2},"end":{"line":75,"column":4}}},"fnMap":{"0":{"name":"(anonymous_0)","decl":{"start":{"line":24,"column":13},"end":{"line":24,"column":14}},"loc":{"start":{"line":34,"column":17},"end":{"line":76,"column":1}},"line":34}},"branchMap":{},"s":{"0":3,"1":3,"2":18},"f":{"0":18},"b":{},"_coverageSchema":"1a1c01bbd47fc00a2c39e90264f33305004495a9","hash":"c3a5d20340d877de54b4246afebfbdf7417b3624"}
,"/home/asishk/Desktop/BC-53/Bootcamp_53_BookDiscovery/src/Components/molecules/notFound/index.stories.tsx": {"path":"/home/asishk/Desktop/BC-53/Bootcamp_53_BookDiscovery/src/Components/molecules/notFound/index.stories.tsx","statementMap":{"0":{"start":{"line":16,"column":39},"end":{"line":18,"column":1}},"1":{"start":{"line":17,"column":2},"end":{"line":17,"column":51}},"2":{"start":{"line":20,"column":24},"end":{"line":20,"column":41}},"3":{"start":{"line":22,"column":0},"end":{"line":24,"column":2}}},"fnMap":{"0":{"name":"(anonymous_0)","decl":{"start":{"line":16,"column":39},"end":{"line":16,"column":40}},"loc":{"start":{"line":17,"column":2},"end":{"line":17,"column":51}},"line":17}},"branchMap":{},"s":{"0":0,"1":0,"2":0,"3":0},"f":{"0":0},"b":{}}
,"/home/asishk/Desktop/BC-53/Bootcamp_53_BookDiscovery/src/Components/molecules/notFound/index.tsx": {"path":"/home/asishk/Desktop/BC-53/Bootcamp_53_BookDiscovery/src/Components/molecules/notFound/index.tsx","statementMap":{"0":{"start":{"line":8,"column":20},"end":{"line":15,"column":2}},"1":{"start":{"line":17,"column":26},"end":{"line":25,"column":1}},"2":{"start":{"line":18,"column":2},"end":{"line":24,"column":4}}},"fnMap":{"0":{"name":"(anonymous_0)","decl":{"start":{"line":17,"column":26},"end":{"line":17,"column":27}},"loc":{"start":{"line":17,"column":52},"end":{"line":25,"column":1}},"line":17}},"branchMap":{},"s":{"0":1,"1":1,"2":1},"f":{"0":1},"b":{},"_coverageSchema":"1a1c01bbd47fc00a2c39e90264f33305004495a9","hash":"c16f36b3df601f662f395000df7c1d5446a91a75"}
,"/home/asishk/Desktop/BC-53/Bootcamp_53_BookDiscovery/src/Components/molecules/readingCount/index.stories.tsx": {"path":"/home/asishk/Desktop/BC-53/Bootcamp_53_BookDiscovery/src/Components/molecules/readingCount/index.stories.tsx","statementMap":{"0":{"start":{"line":12,"column":55},"end":{"line":14,"column":5}},"1":{"start":{"line":13,"column":4},"end":{"line":13,"column":29}},"2":{"start":{"line":15,"column":37},"end":{"line":15,"column":54}},"3":{"start":{"line":17,"column":0},"end":{"line":21,"column":1}}},"fnMap":{"0":{"name":"(anonymous_0)","decl":{"start":{"line":12,"column":55},"end":{"line":12,"column":56}},"loc":{"start":{"line":13,"column":4},"end":{"line":13,"column":29}},"line":13}},"branchMap":{},"s":{"0":0,"1":0,"2":0,"3":0},"f":{"0":0},"b":{}}
,"/home/asishk/Desktop/BC-53/Bootcamp_53_BookDiscovery/src/Components/molecules/readingCount/index.tsx": {"path":"/home/asishk/Desktop/BC-53/Bootcamp_53_BookDiscovery/src/Components/molecules/readingCount/index.tsx","statementMap":{"0":{"start":{"line":14,"column":18},"end":{"line":27,"column":3}},"1":{"start":{"line":14,"column":36},"end":{"line":27,"column":1}},"2":{"start":{"line":29,"column":21},"end":{"line":51,"column":1}},"3":{"start":{"line":30,"column":18},"end":{"line":30,"column":29}},"4":{"start":{"line":31,"column":2},"end":{"line":50,"column":4}}},"fnMap":{"0":{"name":"(anonymous_0)","decl":{"start":{"line":14,"column":29},"end":{"line":14,"column":30}},"loc":{"start":{"line":14,"column":36},"end":{"line":27,"column":1}},"line":14},"1":{"name":"(anonymous_1)","decl":{"start":{"line":29,"column":21},"end":{"line":29,"column":22}},"loc":{"start":{"line":29,"column":51},"end":{"line":51,"column":1}},"line":29}},"branchMap":{},"s":{"0":3,"1":3,"2":3,"3":9,"4":9},"f":{"0":3,"1":9},"b":{},"_coverageSchema":"1a1c01bbd47fc00a2c39e90264f33305004495a9","hash":"46aa19f9ce9fba9a6a6846710cd7944b49bf3371"}
,"/home/asishk/Desktop/BC-53/Bootcamp_53_BookDiscovery/src/Components/molecules/reviews/index.stories.tsx": {"path":"/home/asishk/Desktop/BC-53/Bootcamp_53_BookDiscovery/src/Components/molecules/reviews/index.stories.tsx","statementMap":{"0":{"start":{"line":12,"column":48},"end":{"line":12,"column":77}},"1":{"start":{"line":12,"column":58},"end":{"line":12,"column":77}},"2":{"start":{"line":13,"column":23},"end":{"line":13,"column":40}},"3":{"start":{"line":14,"column":0},"end":{"line":20,"column":1}},"4":{"start":{"line":22,"column":24},"end":{"line":22,"column":41}},"5":{"start":{"line":23,"column":0},"end":{"line":29,"column":1}}},"fnMap":{"0":{"name":"(anonymous_0)","decl":{"start":{"line":12,"column":48},"end":{"line":12,"column":49}},"loc":{"start":{"line":12,"column":58},"end":{"line":12,"column":77}},"line":12}},"branchMap":{},"s":{"0":0,"1":0,"2":0,"3":0,"4":0,"5":0},"f":{"0":0},"b":{}}
,"/home/asishk/Desktop/BC-53/Bootcamp_53_BookDiscovery/src/Components/molecules/reviews/index.tsx": {"path":"/home/asishk/Desktop/BC-53/Bootcamp_53_BookDiscovery/src/Components/molecules/reviews/index.tsx","statementMap":{"0":{"start":{"line":18,"column":15},"end":{"line":69,"column":1}},"1":{"start":{"line":21,"column":4},"end":{"line":68,"column":5}}},"fnMap":{"0":{"name":"(anonymous_0)","decl":{"start":{"line":18,"column":15},"end":{"line":18,"column":16}},"loc":{"start":{"line":18,"column":84},"end":{"line":69,"column":1}},"line":18}},"branchMap":{},"s":{"0":2,"1":6},"f":{"0":6},"b":{},"_coverageSchema":"1a1c01bbd47fc00a2c39e90264f33305004495a9","hash":"aef89fc9b4d08c5f471743c9df2ef2be0f130e3a"}
,"/home/asishk/Desktop/BC-53/Bootcamp_53_BookDiscovery/src/Components/molecules/searchResult/index.stories.tsx": {"path":"/home/asishk/Desktop/BC-53/Bootcamp_53_BookDiscovery/src/Components/molecules/searchResult/index.stories.tsx","statementMap":{"0":{"start":{"line":14,"column":54},"end":{"line":14,"column":89}},"1":{"start":{"line":14,"column":64},"end":{"line":14,"column":89}},"2":{"start":{"line":16,"column":28},"end":{"line":16,"column":45}},"3":{"start":{"line":17,"column":0},"end":{"line":19,"column":1}}},"fnMap":{"0":{"name":"(anonymous_0)","decl":{"start":{"line":14,"column":54},"end":{"line":14,"column":55}},"loc":{"start":{"line":14,"column":64},"end":{"line":14,"column":89}},"line":14}},"branchMap":{},"s":{"0":0,"1":0,"2":0,"3":0},"f":{"0":0},"b":{}}
,"/home/asishk/Desktop/BC-53/Bootcamp_53_BookDiscovery/src/Components/molecules/searchResult/index.tsx": {"path":"/home/asishk/Desktop/BC-53/Bootcamp_53_BookDiscovery/src/Components/molecules/searchResult/index.tsx","statementMap":{"0":{"start":{"line":11,"column":21},"end":{"line":24,"column":1}},"1":{"start":{"line":12,"column":24},"end":{"line":12,"column":173}},"2":{"start":{"line":12,"column":53},"end":{"line":12,"column":172}},"3":{"start":{"line":14,"column":4},"end":{"line":23,"column":5}}},"fnMap":{"0":{"name":"(anonymous_0)","decl":{"start":{"line":11,"column":21},"end":{"line":11,"column":22}},"loc":{"start":{"line":11,"column":50},"end":{"line":24,"column":1}},"line":11},"1":{"name":"(anonymous_1)","decl":{"start":{"line":12,"column":42},"end":{"line":12,"column":43}},"loc":{"start":{"line":12,"column":53},"end":{"line":12,"column":172}},"line":12}},"branchMap":{},"s":{"0":1,"1":1,"2":1,"3":1},"f":{"0":1,"1":1},"b":{},"_coverageSchema":"1a1c01bbd47fc00a2c39e90264f33305004495a9","hash":"544b1c168d0fad8e9424fd31c2d17ca4ae19953e"}
,"/home/asishk/Desktop/BC-53/Bootcamp_53_BookDiscovery/src/Components/molecules/searchResultCard/index.stories.tsx": {"path":"/home/asishk/Desktop/BC-53/Bootcamp_53_BookDiscovery/src/Components/molecules/searchResultCard/index.stories.tsx","statementMap":{"0":{"start":{"line":12,"column":58},"end":{"line":14,"column":1}},"1":{"start":{"line":13,"column":2},"end":{"line":13,"column":32}},"2":{"start":{"line":15,"column":37},"end":{"line":15,"column":54}},"3":{"start":{"line":17,"column":0},"end":{"line":28,"column":1}},"4":{"start":{"line":27,"column":19},"end":{"line":27,"column":34}}},"fnMap":{"0":{"name":"(anonymous_0)","decl":{"start":{"line":12,"column":58},"end":{"line":12,"column":59}},"loc":{"start":{"line":13,"column":2},"end":{"line":13,"column":32}},"line":13},"1":{"name":"(anonymous_1)","decl":{"start":{"line":27,"column":13},"end":{"line":27,"column":14}},"loc":{"start":{"line":27,"column":19},"end":{"line":27,"column":34}},"line":27}},"branchMap":{},"s":{"0":0,"1":0,"2":0,"3":0,"4":0},"f":{"0":0,"1":0},"b":{}}
,"/home/asishk/Desktop/BC-53/Bootcamp_53_BookDiscovery/src/Components/molecules/searchResultCard/index.tsx": {"path":"/home/asishk/Desktop/BC-53/Bootcamp_53_BookDiscovery/src/Components/molecules/searchResultCard/index.tsx","statementMap":{"0":{"start":{"line":29,"column":18},"end":{"line":73,"column":2}},"1":{"start":{"line":75,"column":25},"end":{"line":181,"column":1}},"2":{"start":{"line":76,"column":18},"end":{"line":76,"column":29}},"3":{"start":{"line":77,"column":2},"end":{"line":180,"column":4}},"4":{"start":{"line":120,"column":29},"end":{"line":120,"column":52}}},"fnMap":{"0":{"name":"(anonymous_0)","decl":{"start":{"line":75,"column":25},"end":{"line":75,"column":26}},"loc":{"start":{"line":75,"column":59},"end":{"line":181,"column":1}},"line":75},"1":{"name":"(anonymous_1)","decl":{"start":{"line":120,"column":23},"end":{"line":120,"column":24}},"loc":{"start":{"line":120,"column":29},"end":{"line":120,"column":52}},"line":120}},"branchMap":{},"s":{"0":4,"1":4,"2":4,"3":4,"4":1},"f":{"0":4,"1":1},"b":{},"_coverageSchema":"1a1c01bbd47fc00a2c39e90264f33305004495a9","hash":"551b19c60e4609c768a4dfa72d09a30e03577f9d"}
,"/home/asishk/Desktop/BC-53/Bootcamp_53_BookDiscovery/src/Components/molecules/searchbar/index.stories.tsx": {"path":"/home/asishk/Desktop/BC-53/Bootcamp_53_BookDiscovery/src/Components/molecules/searchbar/index.stories.tsx","statementMap":{"0":{"start":{"line":10,"column":51},"end":{"line":10,"column":83}},"1":{"start":{"line":10,"column":61},"end":{"line":10,"column":83}},"2":{"start":{"line":12,"column":22},"end":{"line":12,"column":39}},"3":{"start":{"line":13,"column":0},"end":{"line":15,"column":1}}},"fnMap":{"0":{"name":"(anonymous_0)","decl":{"start":{"line":10,"column":51},"end":{"line":10,"column":52}},"loc":{"start":{"line":10,"column":61},"end":{"line":10,"column":83}},"line":10}},"branchMap":{},"s":{"0":0,"1":0,"2":0,"3":0},"f":{"0":0},"b":{}}
,"/home/asishk/Desktop/BC-53/Bootcamp_53_BookDiscovery/src/Components/molecules/searchbar/index.tsx": {"path":"/home/asishk/Desktop/BC-53/Bootcamp_53_BookDiscovery/src/Components/molecules/searchbar/index.tsx","statementMap":{"0":{"start":{"line":24,"column":18},"end":{"line":100,"column":1}},"1":{"start":{"line":25,"column":28},"end":{"line":25,"column":39}},"2":{"start":{"line":26,"column":34},"end":{"line":37,"column":4}},"3":{"start":{"line":39,"column":17},"end":{"line":50,"column":3}},"4":{"start":{"line":40,"column":25},"end":{"line":40,"column":27}},"5":{"start":{"line":41,"column":4},"end":{"line":48,"column":5}},"6":{"start":{"line":42,"column":6},"end":{"line":42,"column":30}},"7":{"start":{"line":43,"column":23},"end":{"line":43,"column":53}},"8":{"start":{"line":44,"column":25},"end":{"line":44,"column":57}},"9":{"start":{"line":45,"column":6},"end":{"line":47,"column":7}},"10":{"start":{"line":46,"column":8},"end":{"line":46,"column":35}},"11":{"start":{"line":49,"column":4},"end":{"line":49,"column":24}},"12":{"start":{"line":52,"column":23},"end":{"line":62,"column":3}},"13":{"start":{"line":53,"column":16},"end":{"line":53,"column":30}},"14":{"start":{"line":54,"column":4},"end":{"line":58,"column":5}},"15":{"start":{"line":55,"column":6},"end":{"line":55,"column":26}},"16":{"start":{"line":57,"column":6},"end":{"line":57,"column":26}},"17":{"start":{"line":60,"column":18},"end":{"line":60,"column":45}},"18":{"start":{"line":61,"column":4},"end":{"line":61,"column":23}},"19":{"start":{"line":64,"column":2},"end":{"line":99,"column":4}},"20":{"start":{"line":68,"column":23},"end":{"line":68,"column":38}}},"fnMap":{"0":{"name":"(anonymous_0)","decl":{"start":{"line":24,"column":18},"end":{"line":24,"column":19}},"loc":{"start":{"line":24,"column":42},"end":{"line":100,"column":1}},"line":24},"1":{"name":"(anonymous_1)","decl":{"start":{"line":39,"column":17},"end":{"line":39,"column":18}},"loc":{"start":{"line":39,"column":46},"end":{"line":50,"column":3}},"line":39},"2":{"name":"(anonymous_2)","decl":{"start":{"line":52,"column":23},"end":{"line":52,"column":24}},"loc":{"start":{"line":52,"column":41},"end":{"line":62,"column":3}},"line":52},"3":{"name":"(anonymous_3)","decl":{"start":{"line":68,"column":16},"end":{"line":68,"column":17}},"loc":{"start":{"line":68,"column":23},"end":{"line":68,"column":38}},"line":68}},"branchMap":{"0":{"loc":{"start":{"line":45,"column":6},"end":{"line":47,"column":7}},"type":"if","locations":[{"start":{"line":45,"column":6},"end":{"line":47,"column":7}},{"start":{},"end":{}}],"line":45},"1":{"loc":{"start":{"line":45,"column":10},"end":{"line":45,"column":64}},"type":"binary-expr","locations":[{"start":{"line":45,"column":10},"end":{"line":45,"column":34}},{"start":{"line":45,"column":38},"end":{"line":45,"column":64}}],"line":45},"2":{"loc":{"start":{"line":54,"column":4},"end":{"line":58,"column":5}},"type":"if","locations":[{"start":{"line":54,"column":4},"end":{"line":58,"column":5}},{"start":{"line":56,"column":11},"end":{"line":58,"column":5}}],"line":54}},"s":{"0":7,"1":8,"2":8,"3":8,"4":1,"5":1,"6":0,"7":0,"8":0,"9":0,"10":0,"11":1,"12":8,"13":1,"14":1,"15":0,"16":1,"17":1,"18":1,"19":8,"20":1},"f":{"0":8,"1":1,"2":1,"3":1},"b":{"0":[0,0],"1":[0,0],"2":[0,1]},"_coverageSchema":"1a1c01bbd47fc00a2c39e90264f33305004495a9","hash":"09d2b594d7bb3fa2bb90d7522fbdbabf552ac795"}
,"/home/asishk/Desktop/BC-53/Bootcamp_53_BookDiscovery/src/Components/molecules/tabsBarData/index.stories.tsx": {"path":"/home/asishk/Desktop/BC-53/Bootcamp_53_BookDiscovery/src/Components/molecules/tabsBarData/index.stories.tsx","statementMap":{"0":{"start":{"line":10,"column":53},"end":{"line":10,"column":74}},"1":{"start":{"line":10,"column":59},"end":{"line":10,"column":74}},"2":{"start":{"line":12,"column":32},"end":{"line":12,"column":49}}},"fnMap":{"0":{"name":"(anonymous_0)","decl":{"start":{"line":10,"column":53},"end":{"line":10,"column":54}},"loc":{"start":{"line":10,"column":59},"end":{"line":10,"column":74}},"line":10}},"branchMap":{},"s":{"0":0,"1":0,"2":0},"f":{"0":0},"b":{}}
,"/home/asishk/Desktop/BC-53/Bootcamp_53_BookDiscovery/src/Components/molecules/tabsBarData/index.tsx": {"path":"/home/asishk/Desktop/BC-53/Bootcamp_53_BookDiscovery/src/Components/molecules/tabsBarData/index.tsx","statementMap":{"0":{"start":{"line":9,"column":18},"end":{"line":19,"column":2}},"1":{"start":{"line":21,"column":20},"end":{"line":59,"column":1}},"2":{"start":{"line":22,"column":18},"end":{"line":22,"column":29}},"3":{"start":{"line":23,"column":2},"end":{"line":58,"column":4}},"4":{"start":{"line":27,"column":10},"end":{"line":54,"column":12}},"5":{"start":{"line":39,"column":33},"end":{"line":39,"column":53}}},"fnMap":{"0":{"name":"(anonymous_0)","decl":{"start":{"line":21,"column":20},"end":{"line":21,"column":21}},"loc":{"start":{"line":21,"column":42},"end":{"line":59,"column":1}},"line":21},"1":{"name":"(anonymous_1)","decl":{"start":{"line":26,"column":22},"end":{"line":26,"column":23}},"loc":{"start":{"line":26,"column":37},"end":{"line":55,"column":9}},"line":26},"2":{"name":"(anonymous_2)","decl":{"start":{"line":39,"column":27},"end":{"line":39,"column":28}},"loc":{"start":{"line":39,"column":33},"end":{"line":39,"column":53}},"line":39}},"branchMap":{},"s":{"0":2,"1":2,"2":4,"3":2,"4":16,"5":0},"f":{"0":4,"1":16,"2":0},"b":{},"_coverageSchema":"1a1c01bbd47fc00a2c39e90264f33305004495a9","hash":"8d8285285f3727db32ec86a3c7dafaa2397caba0"}
,"/home/asishk/Desktop/BC-53/Bootcamp_53_BookDiscovery/src/Components/organisms/allTopics/index.stories.tsx": {"path":"/home/asishk/Desktop/BC-53/Bootcamp_53_BookDiscovery/src/Components/organisms/allTopics/index.stories.tsx","statementMap":{"0":{"start":{"line":10,"column":51},"end":{"line":10,"column":70}},"1":{"start":{"line":10,"column":57},"end":{"line":10,"column":70}},"2":{"start":{"line":12,"column":29},"end":{"line":12,"column":46}}},"fnMap":{"0":{"name":"(anonymous_0)","decl":{"start":{"line":10,"column":51},"end":{"line":10,"column":52}},"loc":{"start":{"line":10,"column":57},"end":{"line":10,"column":70}},"line":10}},"branchMap":{},"s":{"0":0,"1":0,"2":0},"f":{"0":0},"b":{}}
,"/home/asishk/Desktop/BC-53/Bootcamp_53_BookDiscovery/src/Components/organisms/allTopics/index.tsx": {"path":"/home/asishk/Desktop/BC-53/Bootcamp_53_BookDiscovery/src/Components/organisms/allTopics/index.tsx","statementMap":{"0":{"start":{"line":19,"column":18},"end":{"line":29,"column":2}},"1":{"start":{"line":32,"column":47},"end":{"line":32,"column":52}},"2":{"start":{"line":34,"column":2},"end":{"line":48,"column":4}},"3":{"start":{"line":52,"column":2},"end":{"line":55,"column":4}},"4":{"start":{"line":58,"column":20},"end":{"line":60,"column":1}},"5":{"start":{"line":59,"column":2},"end":{"line":59,"column":36}},"6":{"start":{"line":62,"column":17},"end":{"line":125,"column":1}},"7":{"start":{"line":63,"column":28},"end":{"line":63,"column":45}},"8":{"start":{"line":65,"column":23},"end":{"line":68,"column":3}},"9":{"start":{"line":66,"column":4},"end":{"line":66,"column":23}},"10":{"start":{"line":67,"column":4},"end":{"line":67,"column":23}},"11":{"start":{"line":70,"column":18},"end":{"line":70,"column":29}},"12":{"start":{"line":71,"column":2},"end":{"line":124,"column":4}}},"fnMap":{"0":{"name":"TabPanel","decl":{"start":{"line":31,"column":9},"end":{"line":31,"column":17}},"loc":{"start":{"line":31,"column":40},"end":{"line":49,"column":1}},"line":31},"1":{"name":"a11yProps","decl":{"start":{"line":51,"column":9},"end":{"line":51,"column":18}},"loc":{"start":{"line":51,"column":34},"end":{"line":56,"column":1}},"line":51},"2":{"name":"(anonymous_2)","decl":{"start":{"line":58,"column":20},"end":{"line":58,"column":21}},"loc":{"start":{"line":58,"column":36},"end":{"line":60,"column":1}},"line":58},"3":{"name":"(anonymous_3)","decl":{"start":{"line":62,"column":17},"end":{"line":62,"column":18}},"loc":{"start":{"line":62,"column":23},"end":{"line":125,"column":1}},"line":62},"4":{"name":"(anonymous_4)","decl":{"start":{"line":65,"column":23},"end":{"line":65,"column":24}},"loc":{"start":{"line":65,"column":74},"end":{"line":68,"column":3}},"line":65}},"branchMap":{"0":{"loc":{"start":{"line":42,"column":7},"end":{"line":46,"column":7}},"type":"binary-expr","locations":[{"start":{"line":42,"column":7},"end":{"line":42,"column":22}},{"start":{"line":43,"column":8},"end":{"line":45,"column":14}}],"line":42}},"s":{"0":1,"1":9,"2":8,"3":8,"4":1,"5":0,"6":1,"7":3,"8":2,"9":1,"10":1,"11":2,"12":2},"f":{"0":9,"1":8,"2":0,"3":3,"4":1},"b":{"0":[8,2]},"_coverageSchema":"1a1c01bbd47fc00a2c39e90264f33305004495a9","hash":"d7f0d4a5fd6f34b0411ae68d84d6c1346cf52826"}
,"/home/asishk/Desktop/BC-53/Bootcamp_53_BookDiscovery/src/Components/organisms/bookCards/index.stories.tsx": {"path":"/home/asishk/Desktop/BC-53/Bootcamp_53_BookDiscovery/src/Components/organisms/bookCards/index.stories.tsx","statementMap":{"0":{"start":{"line":11,"column":51},"end":{"line":15,"column":5}},"1":{"start":{"line":12,"column":4},"end":{"line":14,"column":20}},"2":{"start":{"line":16,"column":33},"end":{"line":16,"column":50}}},"fnMap":{"0":{"name":"(anonymous_0)","decl":{"start":{"line":11,"column":51},"end":{"line":11,"column":52}},"loc":{"start":{"line":12,"column":4},"end":{"line":14,"column":20}},"line":12}},"branchMap":{},"s":{"0":0,"1":0,"2":0},"f":{"0":0},"b":{}}
,"/home/asishk/Desktop/BC-53/Bootcamp_53_BookDiscovery/src/Components/organisms/bookCards/index.tsx": {"path":"/home/asishk/Desktop/BC-53/Bootcamp_53_BookDiscovery/src/Components/organisms/bookCards/index.tsx","statementMap":{"0":{"start":{"line":20,"column":18},"end":{"line":27,"column":3}},"1":{"start":{"line":20,"column":36},"end":{"line":27,"column":1}},"2":{"start":{"line":29,"column":18},"end":{"line":176,"column":1}},"3":{"start":{"line":30,"column":18},"end":{"line":30,"column":29}},"4":{"start":{"line":31,"column":26},"end":{"line":31,"column":37}},"5":{"start":{"line":32,"column":36},"end":{"line":32,"column":60}},"6":{"start":{"line":33,"column":34},"end":{"line":45,"column":4}},"7":{"start":{"line":47,"column":44},"end":{"line":59,"column":4}},"8":{"start":{"line":61,"column":23},"end":{"line":66,"column":3}},"9":{"start":{"line":63,"column":6},"end":{"line":63,"column":39}},"10":{"start":{"line":68,"column":30},"end":{"line":72,"column":3}},"11":{"start":{"line":69,"column":4},"end":{"line":71,"column":5}},"12":{"start":{"line":70,"column":6},"end":{"line":70,"column":23}},"13":{"start":{"line":74,"column":22},"end":{"line":76,"column":3}},"14":{"start":{"line":78,"column":27},"end":{"line":83,"column":3}},"15":{"start":{"line":82,"column":4},"end":{"line":82,"column":25}},"16":{"start":{"line":85,"column":2},"end":{"line":97,"column":13}},"17":{"start":{"line":86,"column":17},"end":{"line":94,"column":5}},"18":{"start":{"line":87,"column":20},"end":{"line":87,"column":70}},"19":{"start":{"line":88,"column":6},"end":{"line":88,"column":35}},"20":{"start":{"line":89,"column":18},"end":{"line":91,"column":7}},"21":{"start":{"line":92,"column":26},"end":{"line":92,"column":34}},"22":{"start":{"line":93,"column":6},"end":{"line":93,"column":31}},"23":{"start":{"line":96,"column":4},"end":{"line":96,"column":11}},"24":{"start":{"line":99,"column":26},"end":{"line":101,"column":3}},"25":{"start":{"line":100,"column":4},"end":{"line":100,"column":48}},"26":{"start":{"line":103,"column":2},"end":{"line":175,"column":4}},"27":{"start":{"line":138,"column":12},"end":{"line":157,"column":14}},"28":{"start":{"line":152,"column":41},"end":{"line":152,"column":69}}},"fnMap":{"0":{"name":"(anonymous_0)","decl":{"start":{"line":20,"column":29},"end":{"line":20,"column":30}},"loc":{"start":{"line":20,"column":36},"end":{"line":27,"column":1}},"line":20},"1":{"name":"(anonymous_1)","decl":{"start":{"line":29,"column":18},"end":{"line":29,"column":19}},"loc":{"start":{"line":29,"column":45},"end":{"line":176,"column":1}},"line":29},"2":{"name":"(anonymous_2)","decl":{"start":{"line":62,"column":4},"end":{"line":62,"column":5}},"loc":{"start":{"line":62,"column":20},"end":{"line":64,"column":5}},"line":62},"3":{"name":"(anonymous_3)","decl":{"start":{"line":68,"column":30},"end":{"line":68,"column":31}},"loc":{"start":{"line":68,"column":46},"end":{"line":72,"column":3}},"line":68},"4":{"name":"(anonymous_4)","decl":{"start":{"line":74,"column":22},"end":{"line":74,"column":23}},"loc":{"start":{"line":74,"column":39},"end":{"line":76,"column":3}},"line":74},"5":{"name":"(anonymous_5)","decl":{"start":{"line":78,"column":27},"end":{"line":78,"column":28}},"loc":{"start":{"line":81,"column":7},"end":{"line":83,"column":3}},"line":81},"6":{"name":"(anonymous_6)","decl":{"start":{"line":85,"column":12},"end":{"line":85,"column":13}},"loc":{"start":{"line":85,"column":18},"end":{"line":97,"column":3}},"line":85},"7":{"name":"(anonymous_7)","decl":{"start":{"line":86,"column":17},"end":{"line":86,"column":18}},"loc":{"start":{"line":86,"column":29},"end":{"line":94,"column":5}},"line":86},"8":{"name":"(anonymous_8)","decl":{"start":{"line":99,"column":26},"end":{"line":99,"column":27}},"loc":{"start":{"line":99,"column":40},"end":{"line":101,"column":3}},"line":99},"9":{"name":"(anonymous_9)","decl":{"start":{"line":137,"column":24},"end":{"line":137,"column":25}},"loc":{"start":{"line":137,"column":39},"end":{"line":158,"column":11}},"line":137},"10":{"name":"(anonymous_10)","decl":{"start":{"line":152,"column":35},"end":{"line":152,"column":36}},"loc":{"start":{"line":152,"column":41},"end":{"line":152,"column":69}},"line":152}},"branchMap":{"0":{"loc":{"start":{"line":69,"column":4},"end":{"line":71,"column":5}},"type":"if","locations":[{"start":{"line":69,"column":4},"end":{"line":71,"column":5}},{"start":{},"end":{}}],"line":69},"1":{"loc":{"start":{"line":69,"column":8},"end":{"line":69,"column":60}},"type":"binary-expr","locations":[{"start":{"line":69,"column":8},"end":{"line":69,"column":35}},{"start":{"line":69,"column":39},"end":{"line":69,"column":60}}],"line":69},"2":{"loc":{"start":{"line":113,"column":15},"end":{"line":113,"column":54}},"type":"cond-expr","locations":[{"start":{"line":113,"column":29},"end":{"line":113,"column":40}},{"start":{"line":113,"column":42},"end":{"line":113,"column":54}}],"line":113}},"s":{"0":3,"1":3,"2":3,"3":6,"4":3,"5":3,"6":3,"7":3,"8":3,"9":0,"10":3,"11":0,"12":0,"13":3,"14":3,"15":0,"16":3,"17":3,"18":3,"19":0,"20":0,"21":0,"22":0,"23":3,"24":3,"25":3,"26":3,"27":3,"28":0},"f":{"0":3,"1":6,"2":0,"3":0,"4":0,"5":0,"6":3,"7":3,"8":3,"9":3,"10":0},"b":{"0":[0,0],"1":[0,0],"2":[2,1]},"_coverageSchema":"1a1c01bbd47fc00a2c39e90264f33305004495a9","hash":"f21348ae97c8d820d69aed249d5ea71fd4ba8220"}
,"/home/asishk/Desktop/BC-53/Bootcamp_53_BookDiscovery/src/Components/organisms/bookDetails/index.stories.tsx": {"path":"/home/asishk/Desktop/BC-53/Bootcamp_53_BookDiscovery/src/Components/organisms/bookDetails/index.stories.tsx","statementMap":{"0":{"start":{"line":10,"column":53},"end":{"line":12,"column":1}},"1":{"start":{"line":11,"column":2},"end":{"line":11,"column":27}},"2":{"start":{"line":14,"column":27},"end":{"line":14,"column":44}},"3":{"start":{"line":15,"column":0},"end":{"line":17,"column":2}}},"fnMap":{"0":{"name":"(anonymous_0)","decl":{"start":{"line":10,"column":53},"end":{"line":10,"column":54}},"loc":{"start":{"line":11,"column":2},"end":{"line":11,"column":27}},"line":11}},"branchMap":{},"s":{"0":0,"1":0,"2":0,"3":0},"f":{"0":0},"b":{}}
,"/home/asishk/Desktop/BC-53/Bootcamp_53_BookDiscovery/src/Components/organisms/bookDetails/index.tsx": {"path":"/home/asishk/Desktop/BC-53/Bootcamp_53_BookDiscovery/src/Components/organisms/bookDetails/index.tsx","statementMap":{"0":{"start":{"line":22,"column":34},"end":{"line":22,"column":65}},"1":{"start":{"line":23,"column":38},"end":{"line":23,"column":69}},"2":{"start":{"line":25,"column":20},"end":{"line":220,"column":1}},"3":{"start":{"line":26,"column":34},"end":{"line":47,"column":4}},"4":{"start":{"line":49,"column":2},"end":{"line":56,"column":17}},"5":{"start":{"line":50,"column":23},"end":{"line":54,"column":5}},"6":{"start":{"line":51,"column":21},"end":{"line":51,"column":67}},"7":{"start":{"line":52,"column":19},"end":{"line":52,"column":30}},"8":{"start":{"line":53,"column":6},"end":{"line":53,"column":24}},"9":{"start":{"line":55,"column":4},"end":{"line":55,"column":25}},"10":{"start":{"line":58,"column":40},"end":{"line":58,"column":60}},"11":{"start":{"line":59,"column":36},"end":{"line":59,"column":60}},"12":{"start":{"line":61,"column":26},"end":{"line":65,"column":3}},"13":{"start":{"line":62,"column":4},"end":{"line":64,"column":5}},"14":{"start":{"line":63,"column":6},"end":{"line":63,"column":29}},"15":{"start":{"line":67,"column":20},"end":{"line":72,"column":3}},"16":{"start":{"line":69,"column":6},"end":{"line":69,"column":43}},"17":{"start":{"line":74,"column":23},"end":{"line":79,"column":3}},"18":{"start":{"line":76,"column":6},"end":{"line":76,"column":39}},"19":{"start":{"line":81,"column":25},"end":{"line":85,"column":3}},"20":{"start":{"line":82,"column":4},"end":{"line":84,"column":5}},"21":{"start":{"line":83,"column":6},"end":{"line":83,"column":32}},"22":{"start":{"line":87,"column":2},"end":{"line":219,"column":4}}},"fnMap":{"0":{"name":"(anonymous_0)","decl":{"start":{"line":25,"column":20},"end":{"line":25,"column":21}},"loc":{"start":{"line":25,"column":49},"end":{"line":220,"column":1}},"line":25},"1":{"name":"(anonymous_1)","decl":{"start":{"line":49,"column":12},"end":{"line":49,"column":13}},"loc":{"start":{"line":49,"column":18},"end":{"line":56,"column":3}},"line":49},"2":{"name":"(anonymous_2)","decl":{"start":{"line":50,"column":23},"end":{"line":50,"column":24}},"loc":{"start":{"line":50,"column":44},"end":{"line":54,"column":5}},"line":50},"3":{"name":"(anonymous_3)","decl":{"start":{"line":61,"column":26},"end":{"line":61,"column":27}},"loc":{"start":{"line":61,"column":32},"end":{"line":65,"column":3}},"line":61},"4":{"name":"(anonymous_4)","decl":{"start":{"line":68,"column":4},"end":{"line":68,"column":5}},"loc":{"start":{"line":68,"column":20},"end":{"line":70,"column":5}},"line":68},"5":{"name":"(anonymous_5)","decl":{"start":{"line":75,"column":4},"end":{"line":75,"column":5}},"loc":{"start":{"line":75,"column":20},"end":{"line":77,"column":5}},"line":75},"6":{"name":"(anonymous_6)","decl":{"start":{"line":81,"column":25},"end":{"line":81,"column":26}},"loc":{"start":{"line":81,"column":31},"end":{"line":85,"column":3}},"line":81}},"branchMap":{"0":{"loc":{"start":{"line":62,"column":4},"end":{"line":64,"column":5}},"type":"if","locations":[{"start":{"line":62,"column":4},"end":{"line":64,"column":5}},{"start":{},"end":{}}],"line":62},"1":{"loc":{"start":{"line":62,"column":8},"end":{"line":62,"column":73}},"type":"binary-expr","locations":[{"start":{"line":62,"column":8},"end":{"line":62,"column":46}},{"start":{"line":62,"column":50},"end":{"line":62,"column":73}}],"line":62},"2":{"loc":{"start":{"line":82,"column":4},"end":{"line":84,"column":5}},"type":"if","locations":[{"start":{"line":82,"column":4},"end":{"line":84,"column":5}},{"start":{},"end":{}}],"line":82},"3":{"loc":{"start":{"line":82,"column":8},"end":{"line":82,"column":69}},"type":"binary-expr","locations":[{"start":{"line":82,"column":8},"end":{"line":82,"column":44}},{"start":{"line":82,"column":48},"end":{"line":82,"column":69}}],"line":82}},"s":{"0":8,"1":8,"2":8,"3":4,"4":3,"5":2,"6":2,"7":0,"8":0,"9":2,"10":3,"11":3,"12":3,"13":1,"14":1,"15":3,"16":1,"17":3,"18":0,"19":3,"20":0,"21":0,"22":3},"f":{"0":4,"1":2,"2":2,"3":1,"4":1,"5":0,"6":0},"b":{"0":[1,0],"1":[1,0],"2":[0,0],"3":[0,0]},"_coverageSchema":"1a1c01bbd47fc00a2c39e90264f33305004495a9","hash":"7a66183cd6e40f4a5580fb1c5f60d3653b267c8f"}
,"/home/asishk/Desktop/BC-53/Bootcamp_53_BookDiscovery/src/Components/organisms/bookList/index.stories.tsx": {"path":"/home/asishk/Desktop/BC-53/Bootcamp_53_BookDiscovery/src/Components/organisms/bookList/index.stories.tsx","statementMap":{"0":{"start":{"line":11,"column":50},"end":{"line":15,"column":1}},"1":{"start":{"line":12,"column":2},"end":{"line":14,"column":18}},"2":{"start":{"line":16,"column":29},"end":{"line":16,"column":46}}},"fnMap":{"0":{"name":"(anonymous_0)","decl":{"start":{"line":11,"column":50},"end":{"line":11,"column":51}},"loc":{"start":{"line":12,"column":2},"end":{"line":14,"column":18}},"line":12}},"branchMap":{},"s":{"0":0,"1":0,"2":0},"f":{"0":0},"b":{}}
,"/home/asishk/Desktop/BC-53/Bootcamp_53_BookDiscovery/src/Components/organisms/bookList/index.tsx": {"path":"/home/asishk/Desktop/BC-53/Bootcamp_53_BookDiscovery/src/Components/organisms/bookList/index.tsx","statementMap":{"0":{"start":{"line":8,"column":17},"end":{"line":93,"column":1}},"1":{"start":{"line":9,"column":36},"end":{"line":9,"column":60}},"2":{"start":{"line":11,"column":34},"end":{"line":34,"column":4}},"3":{"start":{"line":36,"column":23},"end":{"line":41,"column":3}},"4":{"start":{"line":38,"column":6},"end":{"line":38,"column":39}},"5":{"start":{"line":43,"column":30},"end":{"line":47,"column":3}},"6":{"start":{"line":44,"column":4},"end":{"line":46,"column":5}},"7":{"start":{"line":45,"column":6},"end":{"line":45,"column":23}},"8":{"start":{"line":49,"column":22},"end":{"line":51,"column":3}},"9":{"start":{"line":53,"column":2},"end":{"line":59,"column":9}},"10":{"start":{"line":54,"column":17},"end":{"line":57,"column":5}},"11":{"start":{"line":55,"column":26},"end":{"line":55,"column":67}},"12":{"start":{"line":56,"column":6},"end":{"line":56,"column":36}},"13":{"start":{"line":58,"column":4},"end":{"line":58,"column":11}},"14":{"start":{"line":61,"column":2},"end":{"line":61,"column":24}},"15":{"start":{"line":63,"column":2},"end":{"line":92,"column":4}},"16":{"start":{"line":72,"column":27},"end":{"line":72,"column":46}},"17":{"start":{"line":74,"column":10},"end":{"line":89,"column":12}},"18":{"start":{"line":86,"column":35},"end":{"line":86,"column":63}}},"fnMap":{"0":{"name":"(anonymous_0)","decl":{"start":{"line":8,"column":17},"end":{"line":8,"column":18}},"loc":{"start":{"line":8,"column":23},"end":{"line":93,"column":1}},"line":8},"1":{"name":"(anonymous_1)","decl":{"start":{"line":37,"column":4},"end":{"line":37,"column":5}},"loc":{"start":{"line":37,"column":20},"end":{"line":39,"column":5}},"line":37},"2":{"name":"(anonymous_2)","decl":{"start":{"line":43,"column":30},"end":{"line":43,"column":31}},"loc":{"start":{"line":43,"column":46},"end":{"line":47,"column":3}},"line":43},"3":{"name":"(anonymous_3)","decl":{"start":{"line":49,"column":22},"end":{"line":49,"column":23}},"loc":{"start":{"line":49,"column":28},"end":{"line":51,"column":3}},"line":49},"4":{"name":"(anonymous_4)","decl":{"start":{"line":53,"column":12},"end":{"line":53,"column":13}},"loc":{"start":{"line":53,"column":18},"end":{"line":59,"column":3}},"line":53},"5":{"name":"(anonymous_5)","decl":{"start":{"line":54,"column":17},"end":{"line":54,"column":18}},"loc":{"start":{"line":54,"column":29},"end":{"line":57,"column":5}},"line":54},"6":{"name":"(anonymous_6)","decl":{"start":{"line":72,"column":16},"end":{"line":72,"column":17}},"loc":{"start":{"line":72,"column":27},"end":{"line":72,"column":46}},"line":72},"7":{"name":"(anonymous_7)","decl":{"start":{"line":73,"column":13},"end":{"line":73,"column":14}},"loc":{"start":{"line":73,"column":28},"end":{"line":90,"column":9}},"line":73},"8":{"name":"(anonymous_8)","decl":{"start":{"line":86,"column":29},"end":{"line":86,"column":30}},"loc":{"start":{"line":86,"column":35},"end":{"line":86,"column":63}},"line":86}},"branchMap":{"0":{"loc":{"start":{"line":44,"column":4},"end":{"line":46,"column":5}},"type":"if","locations":[{"start":{"line":44,"column":4},"end":{"line":46,"column":5}},{"start":{},"end":{}}],"line":44},"1":{"loc":{"start":{"line":44,"column":8},"end":{"line":44,"column":60}},"type":"binary-expr","locations":[{"start":{"line":44,"column":8},"end":{"line":44,"column":35}},{"start":{"line":44,"column":39},"end":{"line":44,"column":60}}],"line":44}},"s":{"0":0,"1":0,"2":0,"3":0,"4":0,"5":0,"6":0,"7":0,"8":0,"9":0,"10":0,"11":0,"12":0,"13":0,"14":0,"15":0,"16":0,"17":0,"18":0},"f":{"0":0,"1":0,"2":0,"3":0,"4":0,"5":0,"6":0,"7":0,"8":0},"b":{"0":[0,0],"1":[0,0]}}
,"/home/asishk/Desktop/BC-53/Bootcamp_53_BookDiscovery/src/Components/organisms/header/index.stories.tsx": {"path":"/home/asishk/Desktop/BC-53/Bootcamp_53_BookDiscovery/src/Components/organisms/header/index.stories.tsx","statementMap":{"0":{"start":{"line":10,"column":24},"end":{"line":12,"column":1}},"1":{"start":{"line":11,"column":2},"end":{"line":11,"column":38}},"2":{"start":{"line":14,"column":22},"end":{"line":14,"column":39}}},"fnMap":{"0":{"name":"(anonymous_0)","decl":{"start":{"line":10,"column":24},"end":{"line":10,"column":25}},"loc":{"start":{"line":11,"column":2},"end":{"line":11,"column":38}},"line":11}},"branchMap":{},"s":{"0":0,"1":0,"2":0},"f":{"0":0},"b":{}}
,"/home/asishk/Desktop/BC-53/Bootcamp_53_BookDiscovery/src/Components/organisms/header/index.tsx": {"path":"/home/asishk/Desktop/BC-53/Bootcamp_53_BookDiscovery/src/Components/organisms/header/index.tsx","statementMap":{"0":{"start":{"line":13,"column":18},"end":{"line":18,"column":2}},"1":{"start":{"line":20,"column":18},"end":{"line":25,"column":2}},"2":{"start":{"line":27,"column":13},"end":{"line":27,"column":33}},"3":{"start":{"line":29,"column":28},"end":{"line":38,"column":2}},"4":{"start":{"line":40,"column":22},"end":{"line":47,"column":2}},"5":{"start":{"line":49,"column":24},"end":{"line":226,"column":1}},"6":{"start":{"line":50,"column":34},"end":{"line":61,"column":4}},"7":{"start":{"line":63,"column":2},"end":{"line":71,"column":9}},"8":{"start":{"line":64,"column":23},"end":{"line":69,"column":5}},"9":{"start":{"line":65,"column":21},"end":{"line":65,"column":71}},"10":{"start":{"line":66,"column":19},"end":{"line":66,"column":30}},"11":{"start":{"line":67,"column":6},"end":{"line":67,"column":24}},"12":{"start":{"line":68,"column":6},"end":{"line":68,"column":24}},"13":{"start":{"line":70,"column":4},"end":{"line":70,"column":17}},"14":{"start":{"line":73,"column":2},"end":{"line":73,"column":24}},"15":{"start":{"line":75,"column":32},"end":{"line":75,"column":43}},"16":{"start":{"line":76,"column":40},"end":{"line":76,"column":51}},"17":{"start":{"line":77,"column":36},"end":{"line":77,"column":47}},"18":{"start":{"line":79,"column":23},"end":{"line":90,"column":3}},"19":{"start":{"line":80,"column":4},"end":{"line":89,"column":5}},"20":{"start":{"line":81,"column":6},"end":{"line":81,"column":22}},"21":{"start":{"line":82,"column":6},"end":{"line":82,"column":20}},"22":{"start":{"line":84,"column":6},"end":{"line":88,"column":7}},"23":{"start":{"line":85,"column":8},"end":{"line":85,"column":26}},"24":{"start":{"line":87,"column":8},"end":{"line":87,"column":26}},"25":{"start":{"line":92,"column":25},"end":{"line":95,"column":3}},"26":{"start":{"line":93,"column":4},"end":{"line":93,"column":20}},"27":{"start":{"line":94,"column":4},"end":{"line":94,"column":18}},"28":{"start":{"line":97,"column":24},"end":{"line":126,"column":3}},"29":{"start":{"line":98,"column":4},"end":{"line":125,"column":5}},"30":{"start":{"line":99,"column":6},"end":{"line":108,"column":8}},"31":{"start":{"line":110,"column":6},"end":{"line":124,"column":8}},"32":{"start":{"line":128,"column":2},"end":{"line":225,"column":4}},"33":{"start":{"line":140,"column":46},"end":{"line":140,"column":60}},"34":{"start":{"line":144,"column":62},"end":{"line":144,"column":76}},"35":{"start":{"line":162,"column":27},"end":{"line":162,"column":43}},"36":{"start":{"line":180,"column":27},"end":{"line":180,"column":43}}},"fnMap":{"0":{"name":"(anonymous_0)","decl":{"start":{"line":49,"column":24},"end":{"line":49,"column":25}},"loc":{"start":{"line":49,"column":30},"end":{"line":226,"column":1}},"line":49},"1":{"name":"(anonymous_1)","decl":{"start":{"line":63,"column":12},"end":{"line":63,"column":13}},"loc":{"start":{"line":63,"column":18},"end":{"line":71,"column":3}},"line":63},"2":{"name":"(anonymous_2)","decl":{"start":{"line":64,"column":23},"end":{"line":64,"column":24}},"loc":{"start":{"line":64,"column":35},"end":{"line":69,"column":5}},"line":64},"3":{"name":"(anonymous_3)","decl":{"start":{"line":79,"column":23},"end":{"line":79,"column":24}},"loc":{"start":{"line":79,"column":29},"end":{"line":90,"column":3}},"line":79},"4":{"name":"(anonymous_4)","decl":{"start":{"line":92,"column":25},"end":{"line":92,"column":26}},"loc":{"start":{"line":92,"column":31},"end":{"line":95,"column":3}},"line":92},"5":{"name":"(anonymous_5)","decl":{"start":{"line":97,"column":24},"end":{"line":97,"column":25}},"loc":{"start":{"line":97,"column":49},"end":{"line":126,"column":3}},"line":97},"6":{"name":"(anonymous_6)","decl":{"start":{"line":140,"column":40},"end":{"line":140,"column":41}},"loc":{"start":{"line":140,"column":46},"end":{"line":140,"column":60}},"line":140},"7":{"name":"(anonymous_7)","decl":{"start":{"line":144,"column":56},"end":{"line":144,"column":57}},"loc":{"start":{"line":144,"column":62},"end":{"line":144,"column":76}},"line":144},"8":{"name":"(anonymous_8)","decl":{"start":{"line":162,"column":21},"end":{"line":162,"column":22}},"loc":{"start":{"line":162,"column":27},"end":{"line":162,"column":43}},"line":162},"9":{"name":"(anonymous_9)","decl":{"start":{"line":180,"column":21},"end":{"line":180,"column":22}},"loc":{"start":{"line":180,"column":27},"end":{"line":180,"column":43}},"line":180}},"branchMap":{"0":{"loc":{"start":{"line":80,"column":4},"end":{"line":89,"column":5}},"type":"if","locations":[{"start":{"line":80,"column":4},"end":{"line":89,"column":5}},{"start":{"line":83,"column":11},"end":{"line":89,"column":5}}],"line":80},"1":{"loc":{"start":{"line":84,"column":6},"end":{"line":88,"column":7}},"type":"if","locations":[{"start":{"line":84,"column":6},"end":{"line":88,"column":7}},{"start":{"line":86,"column":13},"end":{"line":88,"column":7}}],"line":84},"2":{"loc":{"start":{"line":98,"column":4},"end":{"line":125,"column":5}},"type":"if","locations":[{"start":{"line":98,"column":4},"end":{"line":125,"column":5}},{"start":{"line":109,"column":11},"end":{"line":125,"column":5}}],"line":98},"3":{"loc":{"start":{"line":139,"column":9},"end":{"line":157,"column":9}},"type":"cond-expr","locations":[{"start":{"line":140,"column":10},"end":{"line":142,"column":32}},{"start":{"line":144,"column":10},"end":{"line":156,"column":26}}],"line":139},"4":{"loc":{"start":{"line":159,"column":9},"end":{"line":194,"column":9}},"type":"cond-expr","locations":[{"start":{"line":160,"column":10},"end":{"line":176,"column":32}},{"start":{"line":178,"column":10},"end":{"line":193,"column":26}}],"line":159}},"s":{"0":6,"1":6,"2":6,"3":6,"4":6,"5":6,"6":6,"7":6,"8":6,"9":6,"10":0,"11":0,"12":0,"13":6,"14":6,"15":6,"16":6,"17":6,"18":6,"19":0,"20":0,"21":0,"22":0,"23":0,"24":0,"25":6,"26":0,"27":0,"28":6,"29":0,"30":0,"31":0,"32":6,"33":0,"34":0,"35":0,"36":0},"f":{"0":6,"1":6,"2":6,"3":0,"4":0,"5":0,"6":0,"7":0,"8":0,"9":0},"b":{"0":[0,0],"1":[0,0],"2":[0,0],"3":[0,6],"4":[6,0]},"_coverageSchema":"1a1c01bbd47fc00a2c39e90264f33305004495a9","hash":"5353bc94cf5308658dd7fb6152811039d7a0e57d"}
,"/home/asishk/Desktop/BC-53/Bootcamp_53_BookDiscovery/src/Components/organisms/homePageDetail/index.stories.tsx": {"path":"/home/asishk/Desktop/BC-53/Bootcamp_53_BookDiscovery/src/Components/organisms/homePageDetail/index.stories.tsx","statementMap":{"0":{"start":{"line":10,"column":56},"end":{"line":10,"column":80}},"1":{"start":{"line":10,"column":62},"end":{"line":10,"column":80}},"2":{"start":{"line":12,"column":35},"end":{"line":12,"column":52}}},"fnMap":{"0":{"name":"(anonymous_0)","decl":{"start":{"line":10,"column":56},"end":{"line":10,"column":57}},"loc":{"start":{"line":10,"column":62},"end":{"line":10,"column":80}},"line":10}},"branchMap":{},"s":{"0":0,"1":0,"2":0},"f":{"0":0},"b":{}}
,"/home/asishk/Desktop/BC-53/Bootcamp_53_BookDiscovery/src/Components/organisms/homePageDetail/index.tsx": {"path":"/home/asishk/Desktop/BC-53/Bootcamp_53_BookDiscovery/src/Components/organisms/homePageDetail/index.tsx","statementMap":{"0":{"start":{"line":31,"column":18},"end":{"line":46,"column":3}},"1":{"start":{"line":31,"column":36},"end":{"line":46,"column":1}},"2":{"start":{"line":48,"column":23},"end":{"line":200,"column":1}},"3":{"start":{"line":49,"column":18},"end":{"line":49,"column":29}},"4":{"start":{"line":51,"column":27},"end":{"line":51,"column":47}},"5":{"start":{"line":52,"column":29},"end":{"line":52,"column":53}},"6":{"start":{"line":54,"column":34},"end":{"line":77,"column":4}},"7":{"start":{"line":79,"column":2},"end":{"line":85,"column":9}},"8":{"start":{"line":80,"column":17},"end":{"line":83,"column":5}},"9":{"start":{"line":81,"column":26},"end":{"line":81,"column":67}},"10":{"start":{"line":82,"column":6},"end":{"line":82,"column":36}},"11":{"start":{"line":84,"column":4},"end":{"line":84,"column":11}},"12":{"start":{"line":87,"column":2},"end":{"line":199,"column":4}},"13":{"start":{"line":132,"column":31},"end":{"line":132,"column":48}},"14":{"start":{"line":134,"column":14},"end":{"line":144,"column":16}},"15":{"start":{"line":182,"column":12},"end":{"line":191,"column":14}}},"fnMap":{"0":{"name":"(anonymous_0)","decl":{"start":{"line":31,"column":29},"end":{"line":31,"column":30}},"loc":{"start":{"line":31,"column":36},"end":{"line":46,"column":1}},"line":31},"1":{"name":"(anonymous_1)","decl":{"start":{"line":48,"column":23},"end":{"line":48,"column":24}},"loc":{"start":{"line":48,"column":29},"end":{"line":200,"column":1}},"line":48},"2":{"name":"(anonymous_2)","decl":{"start":{"line":79,"column":12},"end":{"line":79,"column":13}},"loc":{"start":{"line":79,"column":18},"end":{"line":85,"column":3}},"line":79},"3":{"name":"(anonymous_3)","decl":{"start":{"line":80,"column":17},"end":{"line":80,"column":18}},"loc":{"start":{"line":80,"column":29},"end":{"line":83,"column":5}},"line":80},"4":{"name":"(anonymous_4)","decl":{"start":{"line":132,"column":20},"end":{"line":132,"column":21}},"loc":{"start":{"line":132,"column":31},"end":{"line":132,"column":48}},"line":132},"5":{"name":"(anonymous_5)","decl":{"start":{"line":133,"column":17},"end":{"line":133,"column":18}},"loc":{"start":{"line":133,"column":32},"end":{"line":145,"column":13}},"line":133},"6":{"name":"(anonymous_6)","decl":{"start":{"line":181,"column":31},"end":{"line":181,"column":32}},"loc":{"start":{"line":181,"column":46},"end":{"line":192,"column":11}},"line":181}},"branchMap":{},"s":{"0":2,"1":2,"2":2,"3":2,"4":2,"5":2,"6":2,"7":2,"8":2,"9":2,"10":0,"11":2,"12":2,"13":2,"14":0,"15":12},"f":{"0":2,"1":2,"2":2,"3":2,"4":2,"5":0,"6":12},"b":{},"_coverageSchema":"1a1c01bbd47fc00a2c39e90264f33305004495a9","hash":"c5e35fd24359d1d36a966254f0a188f2b995a711"}
,"/home/asishk/Desktop/BC-53/Bootcamp_53_BookDiscovery/src/Components/organisms/secBookCards/index.stories.tsx": {"path":"/home/asishk/Desktop/BC-53/Bootcamp_53_BookDiscovery/src/Components/organisms/secBookCards/index.stories.tsx","statementMap":{"0":{"start":{"line":10,"column":51},"end":{"line":10,"column":128}},"1":{"start":{"line":10,"column":57},"end":{"line":10,"column":128}},"2":{"start":{"line":13,"column":25},"end":{"line":13,"column":42}}},"fnMap":{"0":{"name":"(anonymous_0)","decl":{"start":{"line":10,"column":51},"end":{"line":10,"column":52}},"loc":{"start":{"line":10,"column":57},"end":{"line":10,"column":128}},"line":10}},"branchMap":{},"s":{"0":0,"1":0,"2":0},"f":{"0":0},"b":{}}
,"/home/asishk/Desktop/BC-53/Bootcamp_53_BookDiscovery/src/Components/organisms/secBookCards/index.tsx": {"path":"/home/asishk/Desktop/BC-53/Bootcamp_53_BookDiscovery/src/Components/organisms/secBookCards/index.tsx","statementMap":{"0":{"start":{"line":10,"column":14},"end":{"line":14,"column":3}},"1":{"start":{"line":20,"column":18},"end":{"line":121,"column":1}},"2":{"start":{"line":22,"column":34},"end":{"line":45,"column":4}},"3":{"start":{"line":47,"column":36},"end":{"line":47,"column":60}},"4":{"start":{"line":49,"column":2},"end":{"line":56,"column":9}},"5":{"start":{"line":50,"column":17},"end":{"line":53,"column":5}},"6":{"start":{"line":51,"column":26},"end":{"line":51,"column":67}},"7":{"start":{"line":52,"column":6},"end":{"line":52,"column":36}},"8":{"start":{"line":55,"column":4},"end":{"line":55,"column":11}},"9":{"start":{"line":58,"column":23},"end":{"line":63,"column":3}},"10":{"start":{"line":60,"column":6},"end":{"line":60,"column":39}},"11":{"start":{"line":65,"column":2},"end":{"line":120,"column":4}},"12":{"start":{"line":97,"column":29},"end":{"line":97,"column":57}},"13":{"start":{"line":100,"column":12},"end":{"line":116,"column":14}},"14":{"start":{"line":105,"column":18},"end":{"line":107,"column":19}},"15":{"start":{"line":106,"column":20},"end":{"line":106,"column":38}}},"fnMap":{"0":{"name":"(anonymous_0)","decl":{"start":{"line":20,"column":18},"end":{"line":20,"column":19}},"loc":{"start":{"line":20,"column":46},"end":{"line":121,"column":1}},"line":20},"1":{"name":"(anonymous_1)","decl":{"start":{"line":49,"column":12},"end":{"line":49,"column":13}},"loc":{"start":{"line":49,"column":18},"end":{"line":56,"column":3}},"line":49},"2":{"name":"(anonymous_2)","decl":{"start":{"line":50,"column":17},"end":{"line":50,"column":18}},"loc":{"start":{"line":50,"column":29},"end":{"line":53,"column":5}},"line":50},"3":{"name":"(anonymous_3)","decl":{"start":{"line":59,"column":4},"end":{"line":59,"column":5}},"loc":{"start":{"line":59,"column":20},"end":{"line":61,"column":5}},"line":59},"4":{"name":"(anonymous_4)","decl":{"start":{"line":97,"column":18},"end":{"line":97,"column":19}},"loc":{"start":{"line":97,"column":29},"end":{"line":97,"column":57}},"line":97},"5":{"name":"(anonymous_5)","decl":{"start":{"line":99,"column":15},"end":{"line":99,"column":16}},"loc":{"start":{"line":99,"column":31},"end":{"line":117,"column":11}},"line":99},"6":{"name":"(anonymous_6)","decl":{"start":{"line":104,"column":27},"end":{"line":104,"column":28}},"loc":{"start":{"line":104,"column":33},"end":{"line":108,"column":17}},"line":104}},"branchMap":{"0":{"loc":{"start":{"line":105,"column":18},"end":{"line":107,"column":19}},"type":"if","locations":[{"start":{"line":105,"column":18},"end":{"line":107,"column":19}},{"start":{},"end":{}}],"line":105},"1":{"loc":{"start":{"line":105,"column":22},"end":{"line":105,"column":75}},"type":"binary-expr","locations":[{"start":{"line":105,"column":22},"end":{"line":105,"column":50}},{"start":{"line":105,"column":54},"end":{"line":105,"column":75}}],"line":105}},"s":{"0":4,"1":4,"2":9,"3":9,"4":9,"5":9,"6":9,"7":0,"8":9,"9":9,"10":0,"11":9,"12":9,"13":0,"14":0,"15":0},"f":{"0":9,"1":9,"2":9,"3":0,"4":9,"5":0,"6":0},"b":{"0":[0,0],"1":[0,0]},"_coverageSchema":"1a1c01bbd47fc00a2c39e90264f33305004495a9","hash":"55c85a14fc4bb68244484f976620267e1205d063"}
,"/home/asishk/Desktop/BC-53/Bootcamp_53_BookDiscovery/src/Components/pages/bookPage/index.stories.tsx": {"path":"/home/asishk/Desktop/BC-53/Bootcamp_53_BookDiscovery/src/Components/pages/bookPage/index.stories.tsx","statementMap":{"0":{"start":{"line":10,"column":50},"end":{"line":10,"column":75}},"1":{"start":{"line":10,"column":56},"end":{"line":10,"column":75}},"2":{"start":{"line":12,"column":29},"end":{"line":12,"column":46}}},"fnMap":{"0":{"name":"(anonymous_0)","decl":{"start":{"line":10,"column":50},"end":{"line":10,"column":51}},"loc":{"start":{"line":10,"column":56},"end":{"line":10,"column":75}},"line":10}},"branchMap":{},"s":{"0":0,"1":0,"2":0},"f":{"0":0},"b":{}}
,"/home/asishk/Desktop/BC-53/Bootcamp_53_BookDiscovery/src/Components/pages/bookPage/index.tsx": {"path":"/home/asishk/Desktop/BC-53/Bootcamp_53_BookDiscovery/src/Components/pages/bookPage/index.tsx","statementMap":{"0":{"start":{"line":38,"column":17},"end":{"line":308,"column":1}},"1":{"start":{"line":40,"column":4},"end":{"line":304,"column":11}},"2":{"start":{"line":307,"column":2},"end":{"line":307,"column":49}}},"fnMap":{"0":{"name":"(anonymous_0)","decl":{"start":{"line":38,"column":17},"end":{"line":38,"column":18}},"loc":{"start":{"line":38,"column":39},"end":{"line":308,"column":1}},"line":38}},"branchMap":{},"s":{"0":1,"1":2,"2":1},"f":{"0":2},"b":{},"_coverageSchema":"1a1c01bbd47fc00a2c39e90264f33305004495a9","hash":"ac2c70b173d9411e3525d8477d7d42a633fd1631"}
,"/home/asishk/Desktop/BC-53/Bootcamp_53_BookDiscovery/src/Components/pages/home/index.stories.tsx": {"path":"/home/asishk/Desktop/BC-53/Bootcamp_53_BookDiscovery/src/Components/pages/home/index.stories.tsx","statementMap":{"0":{"start":{"line":10,"column":51},"end":{"line":12,"column":5}},"1":{"start":{"line":11,"column":4},"end":{"line":11,"column":15}},"2":{"start":{"line":13,"column":33},"end":{"line":13,"column":50}}},"fnMap":{"0":{"name":"(anonymous_0)","decl":{"start":{"line":10,"column":51},"end":{"line":10,"column":52}},"loc":{"start":{"line":11,"column":4},"end":{"line":11,"column":15}},"line":11}},"branchMap":{},"s":{"0":0,"1":0,"2":0},"f":{"0":0},"b":{}}
,"/home/asishk/Desktop/BC-53/Bootcamp_53_BookDiscovery/src/Components/pages/home/index.tsx": {"path":"/home/asishk/Desktop/BC-53/Bootcamp_53_BookDiscovery/src/Components/pages/home/index.tsx","statementMap":{"0":{"start":{"line":6,"column":17},"end":{"line":11,"column":1}},"1":{"start":{"line":8,"column":2},"end":{"line":10,"column":4}}},"fnMap":{"0":{"name":"(anonymous_0)","decl":{"start":{"line":6,"column":17},"end":{"line":6,"column":18}},"loc":{"start":{"line":6,"column":23},"end":{"line":11,"column":1}},"line":6}},"branchMap":{},"s":{"0":1,"1":1},"f":{"0":1},"b":{},"_coverageSchema":"1a1c01bbd47fc00a2c39e90264f33305004495a9","hash":"67099f2bfe5e45fcbe9cc58c4c9159de3da07870"}
,"/home/asishk/Desktop/BC-53/Bootcamp_53_BookDiscovery/src/Components/pages/library/index.stories.tsx": {"path":"/home/asishk/Desktop/BC-53/Bootcamp_53_BookDiscovery/src/Components/pages/library/index.stories.tsx","statementMap":{"0":{"start":{"line":10,"column":53},"end":{"line":12,"column":1}},"1":{"start":{"line":11,"column":1},"end":{"line":11,"column":26}},"2":{"start":{"line":14,"column":32},"end":{"line":14,"column":49}},"3":{"start":{"line":16,"column":0},"end":{"line":16,"column":27}}},"fnMap":{"0":{"name":"(anonymous_0)","decl":{"start":{"line":10,"column":53},"end":{"line":10,"column":54}},"loc":{"start":{"line":11,"column":1},"end":{"line":11,"column":26}},"line":11}},"branchMap":{},"s":{"0":0,"1":0,"2":0,"3":0},"f":{"0":0},"b":{}}
,"/home/asishk/Desktop/BC-53/Bootcamp_53_BookDiscovery/src/Components/pages/library/index.tsx": {"path":"/home/asishk/Desktop/BC-53/Bootcamp_53_BookDiscovery/src/Components/pages/library/index.tsx","statementMap":{"0":{"start":{"line":5,"column":26},"end":{"line":7,"column":1}},"1":{"start":{"line":6,"column":1},"end":{"line":6,"column":74}}},"fnMap":{"0":{"name":"(anonymous_0)","decl":{"start":{"line":5,"column":26},"end":{"line":5,"column":27}},"loc":{"start":{"line":5,"column":32},"end":{"line":7,"column":1}},"line":5}},"branchMap":{},"s":{"0":1,"1":2},"f":{"0":2},"b":{},"_coverageSchema":"1a1c01bbd47fc00a2c39e90264f33305004495a9","hash":"1e0e6ad959aa7ce74f0c624f5f85773c34066617"}
,"/home/asishk/Desktop/BC-53/Bootcamp_53_BookDiscovery/src/Components/pages/searchResults/index.stories.tsx": {"path":"/home/asishk/Desktop/BC-53/Bootcamp_53_BookDiscovery/src/Components/pages/searchResults/index.stories.tsx","statementMap":{"0":{"start":{"line":10,"column":59},"end":{"line":12,"column":1}},"1":{"start":{"line":11,"column":4},"end":{"line":11,"column":35}},"2":{"start":{"line":14,"column":29},"end":{"line":14,"column":46}}},"fnMap":{"0":{"name":"(anonymous_0)","decl":{"start":{"line":10,"column":59},"end":{"line":10,"column":60}},"loc":{"start":{"line":11,"column":4},"end":{"line":11,"column":35}},"line":11}},"branchMap":{},"s":{"0":0,"1":0,"2":0},"f":{"0":0},"b":{}}
,"/home/asishk/Desktop/BC-53/Bootcamp_53_BookDiscovery/src/Components/pages/searchResults/index.tsx": {"path":"/home/asishk/Desktop/BC-53/Bootcamp_53_BookDiscovery/src/Components/pages/searchResults/index.tsx","statementMap":{"0":{"start":{"line":5,"column":35},"end":{"line":9,"column":1}},"1":{"start":{"line":6,"column":4},"end":{"line":8,"column":5}}},"fnMap":{"0":{"name":"(anonymous_0)","decl":{"start":{"line":5,"column":35},"end":{"line":5,"column":36}},"loc":{"start":{"line":5,"column":41},"end":{"line":9,"column":1}},"line":5}},"branchMap":{},"s":{"0":1,"1":2},"f":{"0":2},"b":{},"_coverageSchema":"1a1c01bbd47fc00a2c39e90264f33305004495a9","hash":"c2fd2208b87c5c67d4b929ffebb6bf610239b813"}
,"/home/asishk/Desktop/BC-53/Bootcamp_53_BookDiscovery/src/Components/templates/landingTemplate/index.stories.tsx": {"path":"/home/asishk/Desktop/BC-53/Bootcamp_53_BookDiscovery/src/Components/templates/landingTemplate/index.stories.tsx","statementMap":{"0":{"start":{"line":12,"column":58},"end":{"line":14,"column":5}},"1":{"start":{"line":13,"column":4},"end":{"line":13,"column":32}},"2":{"start":{"line":15,"column":40},"end":{"line":15,"column":57}},"3":{"start":{"line":17,"column":4},"end":{"line":19,"column":5}},"4":{"start":{"line":21,"column":37},"end":{"line":21,"column":54}},"5":{"start":{"line":23,"column":4},"end":{"line":25,"column":5}}},"fnMap":{"0":{"name":"(anonymous_0)","decl":{"start":{"line":12,"column":58},"end":{"line":12,"column":59}},"loc":{"start":{"line":13,"column":4},"end":{"line":13,"column":32}},"line":13}},"branchMap":{},"s":{"0":0,"1":0,"2":0,"3":0,"4":0,"5":0},"f":{"0":0},"b":{}}
,"/home/asishk/Desktop/BC-53/Bootcamp_53_BookDiscovery/src/Components/templates/landingTemplate/index.tsx": {"path":"/home/asishk/Desktop/BC-53/Bootcamp_53_BookDiscovery/src/Components/templates/landingTemplate/index.tsx","statementMap":{"0":{"start":{"line":9,"column":24},"end":{"line":17,"column":1}},"1":{"start":{"line":10,"column":2},"end":{"line":16,"column":4}}},"fnMap":{"0":{"name":"(anonymous_0)","decl":{"start":{"line":9,"column":24},"end":{"line":9,"column":25}},"loc":{"start":{"line":9,"column":58},"end":{"line":17,"column":1}},"line":9}},"branchMap":{},"s":{"0":5,"1":7},"f":{"0":7},"b":{},"_coverageSchema":"1a1c01bbd47fc00a2c39e90264f33305004495a9","hash":"c9adbcc7a985851190c2a5aeea524a3a124dbb97"}
,"/home/asishk/Desktop/BC-53/Bootcamp_53_BookDiscovery/src/core-utils/colors.tsx": {"path":"/home/asishk/Desktop/BC-53/Bootcamp_53_BookDiscovery/src/core-utils/colors.tsx","statementMap":{"0":{"start":{"line":1,"column":16},"end":{"line":20,"column":1}}},"fnMap":{},"branchMap":{},"s":{"0":9},"f":{},"b":{},"_coverageSchema":"1a1c01bbd47fc00a2c39e90264f33305004495a9","hash":"200f19c1e8b03f74637e3b00450dcd717d419258"}
,"/home/asishk/Desktop/BC-53/Bootcamp_53_BookDiscovery/src/core-utils/theme.ts": {"path":"/home/asishk/Desktop/BC-53/Bootcamp_53_BookDiscovery/src/core-utils/theme.ts","statementMap":{"0":{"start":{"line":3,"column":14},"end":{"line":107,"column":2}}},"fnMap":{},"branchMap":{},"s":{"0":22},"f":{},"b":{},"_coverageSchema":"1a1c01bbd47fc00a2c39e90264f33305004495a9","hash":"08db580bc0f9750f6f5ed75fd299f720e32c40cb"}
,"/home/asishk/Desktop/BC-53/Bootcamp_53_BookDiscovery/src/core-utils/messages/index.tsx": {"path":"/home/asishk/Desktop/BC-53/Bootcamp_53_BookDiscovery/src/core-utils/messages/index.tsx","statementMap":{"0":{"start":{"line":1,"column":31},"end":{"line":1,"column":54}},"1":{"start":{"line":2,"column":24},"end":{"line":2,"column":47}},"2":{"start":{"line":3,"column":24},"end":{"line":3,"column":36}},"3":{"start":{"line":4,"column":27},"end":{"line":4,"column":43}},"4":{"start":{"line":5,"column":24},"end":{"line":5,"column":36}},"5":{"start":{"line":6,"column":18},"end":{"line":6,"column":24}},"6":{"start":{"line":7,"column":29},"end":{"line":7,"column":45}},"7":{"start":{"line":9,"column":2},"end":{"line":9,"column":91}},"8":{"start":{"line":11,"column":2},"end":{"line":11,"column":91}},"9":{"start":{"line":12,"column":28},"end":{"line":12,"column":41}},"10":{"start":{"line":13,"column":24},"end":{"line":13,"column":36}},"11":{"start":{"line":14,"column":28},"end":{"line":14,"column":49}},"12":{"start":{"line":15,"column":33},"end":{"line":15,"column":65}},"13":{"start":{"line":17,"column":2},"end":{"line":17,"column":90}},"14":{"start":{"line":18,"column":37},"end":{"line":18,"column":57}},"15":{"start":{"line":19,"column":27},"end":{"line":19,"column":36}},"16":{"start":{"line":20,"column":22},"end":{"line":20,"column":25}},"17":{"start":{"line":22,"column":2},"end":{"line":22,"column":80}},"18":{"start":{"line":23,"column":33},"end":{"line":23,"column":67}},"19":{"start":{"line":25,"column":2},"end":{"line":25,"column":270}},"20":{"start":{"line":26,"column":36},"end":{"line":26,"column":64}},"21":{"start":{"line":27,"column":23},"end":{"line":27,"column":33}},"22":{"start":{"line":28,"column":28},"end":{"line":28,"column":43}},"23":{"start":{"line":29,"column":29},"end":{"line":29,"column":66}},"24":{"start":{"line":30,"column":27},"end":{"line":30,"column":45}},"25":{"start":{"line":31,"column":27},"end":{"line":31,"column":46}},"26":{"start":{"line":32,"column":25},"end":{"line":32,"column":37}},"27":{"start":{"line":33,"column":27},"end":{"line":33,"column":42}},"28":{"start":{"line":34,"column":22},"end":{"line":34,"column":39}},"29":{"start":{"line":35,"column":26},"end":{"line":35,"column":49}},"30":{"start":{"line":36,"column":26},"end":{"line":36,"column":62}},"31":{"start":{"line":37,"column":26},"end":{"line":37,"column":45}},"32":{"start":{"line":38,"column":26},"end":{"line":38,"column":39}}},"fnMap":{},"branchMap":{},"s":{"0":15,"1":15,"2":15,"3":15,"4":15,"5":15,"6":15,"7":15,"8":15,"9":15,"10":15,"11":15,"12":15,"13":15,"14":15,"15":15,"16":15,"17":15,"18":15,"19":15,"20":15,"21":15,"22":15,"23":15,"24":15,"25":15,"26":15,"27":15,"28":15,"29":15,"30":15,"31":15,"32":15},"f":{},"b":{},"_coverageSchema":"1a1c01bbd47fc00a2c39e90264f33305004495a9","hash":"16f3061254d055aa0b0d9878e813083966eaaaef"}
,"/home/asishk/Desktop/BC-53/Bootcamp_53_BookDiscovery/src/mocks/browser.js": {"path":"/home/asishk/Desktop/BC-53/Bootcamp_53_BookDiscovery/src/mocks/browser.js","statementMap":{"0":{"start":{"line":4,"column":22},"end":{"line":4,"column":46}}},"fnMap":{},"branchMap":{},"s":{"0":0},"f":{},"b":{}}
,"/home/asishk/Desktop/BC-53/Bootcamp_53_BookDiscovery/src/mocks/handlers.js": {"path":"/home/asishk/Desktop/BC-53/Bootcamp_53_BookDiscovery/src/mocks/handlers.js","statementMap":{"0":{"start":{"line":4,"column":24},"end":{"line":13,"column":1}},"1":{"start":{"line":6,"column":19},"end":{"line":6,"column":29}},"2":{"start":{"line":7,"column":15},"end":{"line":7,"column":60}},"3":{"start":{"line":7,"column":42},"end":{"line":7,"column":59}},"4":{"start":{"line":8,"column":4},"end":{"line":8,"column":65}},"5":{"start":{"line":11,"column":4},"end":{"line":11,"column":66}}},"fnMap":{"0":{"name":"(anonymous_0)","decl":{"start":{"line":5,"column":60},"end":{"line":5,"column":61}},"loc":{"start":{"line":5,"column":79},"end":{"line":9,"column":3}},"line":5},"1":{"name":"(anonymous_1)","decl":{"start":{"line":7,"column":28},"end":{"line":7,"column":29}},"loc":{"start":{"line":7,"column":42},"end":{"line":7,"column":59}},"line":7},"2":{"name":"(anonymous_2)","decl":{"start":{"line":10,"column":56},"end":{"line":10,"column":57}},"loc":{"start":{"line":10,"column":75},"end":{"line":12,"column":3}},"line":10}},"branchMap":{},"s":{"0":31,"1":0,"2":0,"3":0,"4":0,"5":0},"f":{"0":0,"1":0,"2":0},"b":{},"_coverageSchema":"1a1c01bbd47fc00a2c39e90264f33305004495a9","hash":"083d8a3f0e107c533f87ebe5c055146308667cd1"}
,"/home/asishk/Desktop/BC-53/Bootcamp_53_BookDiscovery/src/mocks/server.js": {"path":"/home/asishk/Desktop/BC-53/Bootcamp_53_BookDiscovery/src/mocks/server.js","statementMap":{"0":{"start":{"line":6,"column":22},"end":{"line":6,"column":46}}},"fnMap":{},"branchMap":{},"s":{"0":31},"f":{},"b":{},"_coverageSchema":"1a1c01bbd47fc00a2c39e90264f33305004495a9","hash":"8c985a480ea4aadcf1b6616d27f8c1269b8efd04"}
}
