TN:
SF:src/App.tsx
FN:4,App
FNF:1
FNH:0
FNDA:0,App
DA:5,0
LF:1
LH:0
BRF:0
BRH:0
end_of_record
TN:
SF:src/index.tsx
FNF:0
FNH:0
DA:7,0
DA:8,0
DA:11,0
DA:14,0
DA:19,0
LF:5
LH:0
BRDA:7,0,0,0
BRDA:7,0,1,0
BRF:2
BRH:0
end_of_record
TN:
SF:src/reportWebVitals.ts
FN:3,(anonymous_0)
FN:5,(anonymous_1)
FNF:2
FNH:0
FNDA:0,(anonymous_0)
FNDA:0,(anonymous_1)
DA:3,0
DA:4,0
DA:5,0
DA:6,0
DA:7,0
DA:8,0
DA:9,0
DA:10,0
LF:8
LH:0
BRDA:4,0,0,0
BRDA:4,0,1,0
BRDA:4,1,0,0
BRDA:4,1,1,0
BRF:4
BRH:0
end_of_record
TN:
SF:src/Components/atoms/Buttons/index.stories.tsx
FN:12,(anonymous_0)
FNF:1
FNH:0
FNDA:0,(anonymous_0)
DA:12,0
DA:13,0
DA:16,0
DA:18,0
LF:4
LH:0
BRF:0
BRH:0
end_of_record
TN:
SF:src/Components/atoms/Buttons/index.tsx
FN:6,(anonymous_0)
FNF:1
FNH:1
FNDA:14,(anonymous_0)
DA:6,13
DA:7,14
LF:2
LH:2
BRF:0
BRH:0
end_of_record
TN:
SF:src/Components/atoms/Logo/index.stories.tsx
FN:11,(anonymous_0)
FNF:1
FNH:0
FNDA:0,(anonymous_0)
DA:11,0
DA:12,0
DA:14,0
DA:16,0
LF:4
LH:0
BRF:0
BRH:0
end_of_record
TN:
SF:src/Components/atoms/Logo/index.tsx
FN:10,(anonymous_0)
FNF:1
FNH:1
FNDA:7,(anonymous_0)
DA:10,7
DA:11,7
LF:2
LH:2
BRF:0
BRH:0
end_of_record
TN:
SF:src/Components/atoms/icons/index.stories.tsx
FN:14,(anonymous_0)
FNF:1
FNH:0
FNDA:0,(anonymous_0)
DA:14,0
DA:15,0
DA:18,0
DA:19,0
DA:23,0
DA:24,0
DA:29,0
DA:30,0
LF:8
LH:0
BRF:0
BRH:0
end_of_record
TN:
SF:src/Components/atoms/icons/index.tsx
FN:9,(anonymous_0)
FNF:1
FNH:1
FNDA:68,(anonymous_0)
DA:9,18
DA:10,68
LF:2
LH:2
BRF:0
BRH:0
end_of_record
TN:
SF:src/Components/molecules/Dropdown/index.stories.tsx
FN:10,(anonymous_0)
FNF:1
FNH:0
FNDA:0,(anonymous_0)
DA:10,0
DA:11,0
DA:13,0
DA:15,0
LF:4
LH:0
BRF:0
BRH:0
end_of_record
TN:
SF:src/Components/molecules/Dropdown/index.tsx
FN:15,(anonymous_0)
FN:18,(anonymous_1)
FN:33,(anonymous_2)
FNF:3
FNH:3
FNDA:8,(anonymous_0)
FNDA:1,(anonymous_1)
FNDA:24,(anonymous_2)
DA:15,4
DA:16,8
DA:18,8
DA:19,1
DA:21,8
DA:34,24
LF:6
LH:6
BRF:0
BRH:0
end_of_record
TN:
SF:src/Components/molecules/Pagination/index.stories.tsx
FN:10,(anonymous_0)
FN:17,(anonymous_1)
FNF:2
FNH:0
FNDA:0,(anonymous_0)
FNDA:0,(anonymous_1)
DA:10,0
DA:11,0
DA:13,0
DA:15,0
DA:17,0
LF:5
LH:0
BRF:0
BRH:0
end_of_record
TN:
SF:src/Components/molecules/Pagination/index.tsx
FN:16,(anonymous_0)
FN:40,(anonymous_1)
FN:46,(anonymous_2)
FNF:3
FNH:2
FNDA:4,(anonymous_0)
FNDA:4,(anonymous_1)
FNDA:0,(anonymous_2)
DA:16,4
DA:40,4
DA:41,4
DA:42,4
DA:46,0
LF:5
LH:4
BRF:0
BRH:0
end_of_record
TN:
SF:src/Components/molecules/alsoRead/index.stories.tsx
FN:12,(anonymous_0)
FNF:1
FNH:0
FNDA:0,(anonymous_0)
DA:12,0
DA:13,0
DA:15,0
DA:17,0
DA:25,0
DA:27,0
LF:6
LH:0
BRF:0
BRH:0
end_of_record
TN:
SF:src/Components/molecules/alsoRead/index.tsx
FN:63,(anonymous_0)
FNF:1
FNH:1
FNDA:7,(anonymous_0)
DA:22,2
DA:63,2
DA:64,7
DA:65,7
LF:4
LH:4
BRF:0
BRH:0
end_of_record
TN:
SF:src/Components/molecules/banner/index.stories.tsx
FN:11,(anonymous_0)
FNF:1
FNH:0
FNDA:0,(anonymous_0)
DA:11,0
DA:12,0
DA:15,0
DA:17,0
LF:4
LH:0
BRF:0
BRH:0
end_of_record
TN:
SF:src/Components/molecules/banner/index.tsx
FN:37,(anonymous_0)
FNF:1
FNH:1
FNDA:3,(anonymous_0)
DA:17,3
DA:23,3
DA:30,3
DA:37,3
DA:38,3
LF:5
LH:5
BRF:0
BRH:0
end_of_record
TN:
SF:src/Components/molecules/bookDescription/index.stories.tsx
FN:12,(anonymous_0)
FNF:1
FNH:0
FNDA:0,(anonymous_0)
DA:12,0
DA:13,0
DA:15,0
DA:17,0
DA:24,0
DA:26,0
LF:6
LH:0
BRF:0
BRH:0
end_of_record
TN:
SF:src/Components/molecules/bookDescription/index.tsx
FN:32,(anonymous_0)
FNF:1
FNH:1
FNDA:2,(anonymous_0)
DA:15,2
DA:32,2
DA:33,2
DA:34,2
LF:4
LH:4
BRF:0
BRH:0
end_of_record
TN:
SF:src/Components/molecules/bookReading/index.stories.tsx
FN:21,(anonymous_0)
FNF:1
FNH:0
FNDA:0,(anonymous_0)
DA:21,0
DA:22,0
DA:25,0
DA:26,0
LF:4
LH:0
BRF:0
BRH:0
end_of_record
TN:
SF:src/Components/molecules/bookReading/index.tsx
FN:37,(anonymous_0)
FNF:1
FNH:1
FNDA:1,(anonymous_0)
DA:17,3
DA:23,3
DA:30,3
DA:37,3
DA:38,1
LF:5
LH:5
BRF:0
BRH:0
end_of_record
TN:
SF:src/Components/molecules/card/index.stories.tsx
FN:21,(anonymous_0)
FNF:1
FNH:0
FNDA:0,(anonymous_0)
DA:21,0
DA:23,0
DA:24,0
LF:3
LH:0
BRF:0
BRH:0
end_of_record
TN:
SF:src/Components/molecules/card/index.tsx
FN:29,(anonymous_0)
FNF:1
FNH:1
FNDA:1,(anonymous_0)
DA:22,5
DA:29,5
DA:30,1
LF:3
LH:3
BRF:0
BRH:0
end_of_record
TN:
SF:src/Components/molecules/followReviews/index.stories.tsx
FN:12,(anonymous_0)
FNF:1
FNH:0
FNDA:0,(anonymous_0)
DA:12,0
DA:13,0
DA:14,0
DA:22,0
DA:23,0
LF:5
LH:0
BRF:0
BRH:0
end_of_record
TN:
SF:src/Components/molecules/followReviews/index.tsx
FN:16,(anonymous_0)
FNF:1
FNH:1
FNDA:5,(anonymous_0)
DA:16,2
DA:17,5
LF:2
LH:2
BRF:0
BRH:0
end_of_record
TN:
SF:src/Components/molecules/landingpage/index.stories.tsx
FN:10,(anonymous_0)
FNF:1
FNH:0
FNDA:0,(anonymous_0)
DA:10,0
DA:11,0
DA:13,0
LF:3
LH:0
BRF:0
BRH:0
end_of_record
TN:
SF:src/Components/molecules/landingpage/index.tsx
FN:12,(anonymous_0)
FNF:1
FNH:1
FNDA:2,(anonymous_0)
DA:12,2
DA:13,2
LF:2
LH:2
BRF:0
BRH:0
end_of_record
TN:
SF:src/Components/molecules/list/index.stories.tsx
FN:12,(anonymous_0)
FNF:1
FNH:0
FNDA:0,(anonymous_0)
DA:12,0
DA:14,0
DA:16,0
DA:27,0
DA:28,0
LF:5
LH:0
BRF:0
BRH:0
end_of_record
TN:
SF:src/Components/molecules/list/index.tsx
FN:24,(anonymous_0)
FNF:1
FNH:1
FNDA:18,(anonymous_0)
DA:17,3
DA:24,3
DA:35,18
LF:3
LH:3
BRF:0
BRH:0
end_of_record
TN:
SF:src/Components/molecules/notFound/index.stories.tsx
FN:16,(anonymous_0)
FNF:1
FNH:0
FNDA:0,(anonymous_0)
DA:16,0
DA:17,0
DA:20,0
DA:22,0
LF:4
LH:0
BRF:0
BRH:0
end_of_record
TN:
SF:src/Components/molecules/notFound/index.tsx
FN:17,(anonymous_0)
FNF:1
FNH:1
FNDA:1,(anonymous_0)
DA:8,1
DA:17,1
DA:18,1
LF:3
LH:3
BRF:0
BRH:0
end_of_record
TN:
SF:src/Components/molecules/readingCount/index.stories.tsx
FN:12,(anonymous_0)
FNF:1
FNH:0
FNDA:0,(anonymous_0)
DA:12,0
DA:13,0
DA:15,0
DA:17,0
LF:4
LH:0
BRF:0
BRH:0
end_of_record
TN:
SF:src/Components/molecules/readingCount/index.tsx
FN:14,(anonymous_0)
FN:29,(anonymous_1)
FNF:2
FNH:2
FNDA:3,(anonymous_0)
FNDA:9,(anonymous_1)
DA:14,3
DA:29,3
DA:30,9
DA:31,9
LF:4
LH:4
BRF:0
BRH:0
end_of_record
TN:
SF:src/Components/molecules/reviews/index.stories.tsx
FN:12,(anonymous_0)
FNF:1
FNH:0
FNDA:0,(anonymous_0)
DA:12,0
DA:13,0
DA:14,0
DA:22,0
DA:23,0
LF:5
LH:0
BRF:0
BRH:0
end_of_record
TN:
SF:src/Components/molecules/reviews/index.tsx
FN:18,(anonymous_0)
FNF:1
FNH:1
FNDA:6,(anonymous_0)
DA:18,2
DA:21,6
LF:2
LH:2
BRF:0
BRH:0
end_of_record
TN:
SF:src/Components/molecules/searchResult/index.stories.tsx
FN:14,(anonymous_0)
FNF:1
FNH:0
FNDA:0,(anonymous_0)
DA:14,0
DA:16,0
DA:17,0
LF:3
LH:0
BRF:0
BRH:0
end_of_record
TN:
SF:src/Components/molecules/searchResult/index.tsx
FN:11,(anonymous_0)
FN:12,(anonymous_1)
FNF:2
FNH:2
FNDA:1,(anonymous_0)
FNDA:1,(anonymous_1)
DA:11,1
DA:12,1
DA:14,1
LF:3
LH:3
BRF:0
BRH:0
end_of_record
TN:
SF:src/Components/molecules/searchResultCard/index.stories.tsx
FN:12,(anonymous_0)
FN:27,(anonymous_1)
FNF:2
FNH:0
FNDA:0,(anonymous_0)
FNDA:0,(anonymous_1)
DA:12,0
DA:13,0
DA:15,0
DA:17,0
DA:27,0
LF:5
LH:0
BRF:0
BRH:0
end_of_record
TN:
SF:src/Components/molecules/searchResultCard/index.tsx
FN:75,(anonymous_0)
FN:120,(anonymous_1)
FNF:2
FNH:2
FNDA:4,(anonymous_0)
FNDA:1,(anonymous_1)
DA:29,4
DA:75,4
DA:76,4
DA:77,4
DA:120,1
LF:5
LH:5
BRF:0
BRH:0
end_of_record
TN:
SF:src/Components/molecules/searchbar/index.stories.tsx
FN:10,(anonymous_0)
FNF:1
FNH:0
FNDA:0,(anonymous_0)
DA:10,0
DA:12,0
DA:13,0
LF:3
LH:0
BRF:0
BRH:0
end_of_record
TN:
SF:src/Components/molecules/searchbar/index.tsx
FN:24,(anonymous_0)
FN:39,(anonymous_1)
FN:52,(anonymous_2)
FN:68,(anonymous_3)
FNF:4
FNH:4
FNDA:8,(anonymous_0)
FNDA:1,(anonymous_1)
FNDA:1,(anonymous_2)
FNDA:1,(anonymous_3)
DA:24,7
DA:25,8
DA:26,8
DA:39,8
DA:40,1
DA:41,1
DA:42,0
DA:43,0
DA:44,0
DA:45,0
DA:46,0
DA:49,1
DA:52,8
DA:53,1
DA:54,1
DA:55,0
DA:57,1
DA:60,1
DA:61,1
DA:64,8
DA:68,1
LF:21
LH:15
BRDA:45,0,0,0
BRDA:45,0,1,0
BRDA:45,1,0,0
BRDA:45,1,1,0
BRDA:54,2,0,0
BRDA:54,2,1,1
BRF:6
BRH:1
end_of_record
TN:
SF:src/Components/molecules/tabsBarData/index.stories.tsx
FN:10,(anonymous_0)
FNF:1
FNH:0
FNDA:0,(anonymous_0)
DA:10,0
DA:12,0
LF:2
LH:0
BRF:0
BRH:0
end_of_record
TN:
SF:src/Components/molecules/tabsBarData/index.tsx
FN:21,(anonymous_0)
FN:26,(anonymous_1)
FN:39,(anonymous_2)
FNF:3
FNH:2
FNDA:4,(anonymous_0)
FNDA:16,(anonymous_1)
FNDA:0,(anonymous_2)
DA:9,2
DA:21,2
DA:22,4
DA:23,2
DA:27,16
DA:39,0
LF:6
LH:5
BRF:0
BRH:0
end_of_record
TN:
SF:src/Components/organisms/allTopics/index.stories.tsx
FN:10,(anonymous_0)
FNF:1
FNH:0
FNDA:0,(anonymous_0)
DA:10,0
DA:12,0
LF:2
LH:0
BRF:0
BRH:0
end_of_record
TN:
SF:src/Components/organisms/allTopics/index.tsx
FN:31,TabPanel
FN:51,a11yProps
FN:58,(anonymous_2)
FN:62,(anonymous_3)
FN:65,(anonymous_4)
FNF:5
FNH:4
FNDA:9,TabPanel
FNDA:8,a11yProps
FNDA:0,(anonymous_2)
FNDA:3,(anonymous_3)
FNDA:1,(anonymous_4)
DA:19,1
DA:32,9
DA:34,8
DA:52,8
DA:58,1
DA:59,0
DA:62,1
DA:63,3
DA:65,2
DA:66,1
DA:67,1
DA:70,2
DA:71,2
LF:13
LH:12
BRDA:42,0,0,8
BRDA:42,0,1,2
BRF:2
BRH:2
end_of_record
TN:
SF:src/Components/organisms/bookCards/index.stories.tsx
FN:11,(anonymous_0)
FNF:1
FNH:0
FNDA:0,(anonymous_0)
DA:11,0
DA:12,0
DA:16,0
LF:3
LH:0
BRF:0
BRH:0
end_of_record
TN:
SF:src/Components/organisms/bookCards/index.tsx
FN:20,(anonymous_0)
FN:29,(anonymous_1)
FN:62,(anonymous_2)
FN:68,(anonymous_3)
FN:74,(anonymous_4)
FN:78,(anonymous_5)
FN:85,(anonymous_6)
FN:86,(anonymous_7)
FN:99,(anonymous_8)
FN:137,(anonymous_9)
FN:152,(anonymous_10)
FNF:11
FNH:6
FNDA:3,(anonymous_0)
FNDA:6,(anonymous_1)
FNDA:0,(anonymous_2)
FNDA:0,(anonymous_3)
FNDA:0,(anonymous_4)
FNDA:0,(anonymous_5)
FNDA:3,(anonymous_6)
FNDA:3,(anonymous_7)
FNDA:3,(anonymous_8)
FNDA:3,(anonymous_9)
FNDA:0,(anonymous_10)
DA:20,3
DA:29,3
DA:30,6
DA:31,3
DA:32,3
DA:33,3
DA:47,3
DA:61,3
DA:63,0
DA:68,3
DA:69,0
DA:70,0
DA:74,3
DA:78,3
DA:82,0
DA:85,3
DA:86,3
DA:87,3
DA:88,0
DA:89,0
DA:92,0
DA:93,0
DA:96,3
DA:99,3
DA:100,3
DA:103,3
DA:138,3
DA:152,0
LF:28
LH:19
BRDA:69,0,0,0
BRDA:69,0,1,0
BRDA:69,1,0,0
BRDA:69,1,1,0
BRDA:113,2,0,2
BRDA:113,2,1,1
BRF:6
BRH:2
end_of_record
TN:
SF:src/Components/organisms/bookDetails/index.stories.tsx
FN:10,(anonymous_0)
FNF:1
FNH:0
FNDA:0,(anonymous_0)
DA:10,0
DA:11,0
DA:14,0
DA:15,0
LF:4
LH:0
BRF:0
BRH:0
end_of_record
TN:
SF:src/Components/organisms/bookDetails/index.tsx
FN:25,(anonymous_0)
FN:49,(anonymous_1)
FN:50,(anonymous_2)
FN:61,(anonymous_3)
FN:68,(anonymous_4)
FN:75,(anonymous_5)
FN:81,(anonymous_6)
FNF:7
FNH:5
FNDA:4,(anonymous_0)
FNDA:2,(anonymous_1)
FNDA:2,(anonymous_2)
FNDA:1,(anonymous_3)
FNDA:1,(anonymous_4)
FNDA:0,(anonymous_5)
FNDA:0,(anonymous_6)
DA:22,8
DA:23,8
DA:25,8
DA:26,4
DA:49,3
DA:50,2
DA:51,2
DA:52,0
DA:53,0
DA:55,2
DA:58,3
DA:59,3
DA:61,3
DA:62,1
DA:63,1
DA:67,3
DA:69,1
DA:74,3
DA:76,0
DA:81,3
DA:82,0
DA:83,0
DA:87,3
LF:23
LH:18
BRDA:62,0,0,1
BRDA:62,0,1,0
BRDA:62,1,0,1
BRDA:62,1,1,0
BRDA:82,2,0,0
BRDA:82,2,1,0
BRDA:82,3,0,0
BRDA:82,3,1,0
BRF:8
BRH:2
end_of_record
TN:
SF:src/Components/organisms/bookList/index.stories.tsx
FN:11,(anonymous_0)
FNF:1
FNH:0
FNDA:0,(anonymous_0)
DA:11,0
DA:12,0
DA:16,0
LF:3
LH:0
BRF:0
BRH:0
end_of_record
TN:
SF:src/Components/organisms/bookList/index.tsx
FN:8,(anonymous_0)
FN:37,(anonymous_1)
FN:43,(anonymous_2)
FN:49,(anonymous_3)
FN:53,(anonymous_4)
FN:54,(anonymous_5)
FN:72,(anonymous_6)
FN:73,(anonymous_7)
FN:86,(anonymous_8)
FNF:9
FNH:0
FNDA:0,(anonymous_0)
FNDA:0,(anonymous_1)
FNDA:0,(anonymous_2)
FNDA:0,(anonymous_3)
FNDA:0,(anonymous_4)
FNDA:0,(anonymous_5)
FNDA:0,(anonymous_6)
FNDA:0,(anonymous_7)
FNDA:0,(anonymous_8)
DA:8,0
DA:9,0
DA:11,0
DA:36,0
DA:38,0
DA:43,0
DA:44,0
DA:45,0
DA:49,0
DA:53,0
DA:54,0
DA:55,0
DA:56,0
DA:58,0
DA:61,0
DA:63,0
DA:72,0
DA:74,0
DA:86,0
LF:19
LH:0
BRDA:44,0,0,0
BRDA:44,0,1,0
BRDA:44,1,0,0
BRDA:44,1,1,0
BRF:4
BRH:0
end_of_record
TN:
SF:src/Components/organisms/header/index.stories.tsx
FN:10,(anonymous_0)
FNF:1
FNH:0
FNDA:0,(anonymous_0)
DA:10,0
DA:11,0
DA:14,0
LF:3
LH:0
BRF:0
BRH:0
end_of_record
TN:
SF:src/Components/organisms/header/index.tsx
FN:49,(anonymous_0)
FN:63,(anonymous_1)
FN:64,(anonymous_2)
FN:79,(anonymous_3)
FN:92,(anonymous_4)
FN:97,(anonymous_5)
FN:140,(anonymous_6)
FN:144,(anonymous_7)
FN:162,(anonymous_8)
FN:180,(anonymous_9)
FNF:10
FNH:3
FNDA:6,(anonymous_0)
FNDA:6,(anonymous_1)
FNDA:6,(anonymous_2)
FNDA:0,(anonymous_3)
FNDA:0,(anonymous_4)
FNDA:0,(anonymous_5)
FNDA:0,(anonymous_6)
FNDA:0,(anonymous_7)
FNDA:0,(anonymous_8)
FNDA:0,(anonymous_9)
DA:13,6
DA:20,6
DA:27,6
DA:29,6
DA:40,6
DA:49,6
DA:50,6
DA:63,6
DA:64,6
DA:65,6
DA:66,0
DA:67,0
DA:68,0
DA:70,6
DA:73,6
DA:75,6
DA:76,6
DA:77,6
DA:79,6
DA:80,0
DA:81,0
DA:82,0
DA:84,0
DA:85,0
DA:87,0
DA:92,6
DA:93,0
DA:94,0
DA:97,6
DA:98,0
DA:99,0
DA:110,0
DA:128,6
DA:140,0
DA:144,0
DA:162,0
DA:180,0
LF:37
LH:19
BRDA:80,0,0,0
BRDA:80,0,1,0
BRDA:84,1,0,0
BRDA:84,1,1,0
BRDA:98,2,0,0
BRDA:98,2,1,0
BRDA:139,3,0,0
BRDA:139,3,1,6
BRDA:159,4,0,6
BRDA:159,4,1,0
BRF:10
BRH:2
end_of_record
TN:
SF:src/Components/organisms/homePageDetail/index.stories.tsx
FN:10,(anonymous_0)
FNF:1
FNH:0
FNDA:0,(anonymous_0)
DA:10,0
DA:12,0
LF:2
LH:0
BRF:0
BRH:0
end_of_record
TN:
SF:src/Components/organisms/homePageDetail/index.tsx
FN:31,(anonymous_0)
FN:48,(anonymous_1)
FN:79,(anonymous_2)
FN:80,(anonymous_3)
FN:132,(anonymous_4)
FN:133,(anonymous_5)
FN:181,(anonymous_6)
FNF:7
FNH:6
FNDA:2,(anonymous_0)
FNDA:2,(anonymous_1)
FNDA:2,(anonymous_2)
FNDA:2,(anonymous_3)
FNDA:2,(anonymous_4)
FNDA:0,(anonymous_5)
FNDA:12,(anonymous_6)
DA:31,2
DA:48,2
DA:49,2
DA:51,2
DA:52,2
DA:54,2
DA:79,2
DA:80,2
DA:81,2
DA:82,0
DA:84,2
DA:87,2
DA:132,2
DA:134,0
DA:182,12
LF:15
LH:13
BRF:0
BRH:0
end_of_record
TN:
SF:src/Components/organisms/secBookCards/index.stories.tsx
FN:10,(anonymous_0)
FNF:1
FNH:0
FNDA:0,(anonymous_0)
DA:10,0
DA:13,0
LF:2
LH:0
BRF:0
BRH:0
end_of_record
TN:
SF:src/Components/organisms/secBookCards/index.tsx
FN:20,(anonymous_0)
FN:49,(anonymous_1)
FN:50,(anonymous_2)
FN:59,(anonymous_3)
FN:97,(anonymous_4)
FN:99,(anonymous_5)
FN:104,(anonymous_6)
FNF:7
FNH:4
FNDA:9,(anonymous_0)
FNDA:9,(anonymous_1)
FNDA:9,(anonymous_2)
FNDA:0,(anonymous_3)
FNDA:9,(anonymous_4)
FNDA:0,(anonymous_5)
FNDA:0,(anonymous_6)
DA:10,4
DA:20,4
DA:22,9
DA:47,9
DA:49,9
DA:50,9
DA:51,9
DA:52,0
DA:55,9
DA:58,9
DA:60,0
DA:65,9
DA:97,9
DA:100,0
DA:105,0
DA:106,0
LF:16
LH:11
BRDA:105,0,0,0
BRDA:105,0,1,0
BRDA:105,1,0,0
BRDA:105,1,1,0
BRF:4
BRH:0
end_of_record
TN:
SF:src/Components/pages/bookPage/index.stories.tsx
FN:10,(anonymous_0)
FNF:1
FNH:0
FNDA:0,(anonymous_0)
DA:10,0
DA:12,0
LF:2
LH:0
BRF:0
BRH:0
end_of_record
TN:
SF:src/Components/pages/bookPage/index.tsx
FN:38,(anonymous_0)
FNF:1
FNH:1
FNDA:2,(anonymous_0)
DA:38,1
DA:40,2
DA:307,1
LF:3
LH:3
BRF:0
BRH:0
end_of_record
TN:
SF:src/Components/pages/home/index.stories.tsx
FN:10,(anonymous_0)
FNF:1
FNH:0
FNDA:0,(anonymous_0)
DA:10,0
DA:11,0
DA:13,0
LF:3
LH:0
BRF:0
BRH:0
end_of_record
TN:
SF:src/Components/pages/home/index.tsx
FN:6,(anonymous_0)
FNF:1
FNH:1
FNDA:1,(anonymous_0)
DA:6,1
DA:8,1
LF:2
LH:2
BRF:0
BRH:0
end_of_record
TN:
SF:src/Components/pages/library/index.stories.tsx
FN:10,(anonymous_0)
FNF:1
FNH:0
FNDA:0,(anonymous_0)
DA:10,0
DA:11,0
DA:14,0
DA:16,0
LF:4
LH:0
BRF:0
BRH:0
end_of_record
TN:
SF:src/Components/pages/library/index.tsx
FN:5,(anonymous_0)
FNF:1
FNH:1
FNDA:2,(anonymous_0)
DA:5,1
DA:6,2
LF:2
LH:2
BRF:0
BRH:0
end_of_record
TN:
SF:src/Components/pages/searchResults/index.stories.tsx
FN:10,(anonymous_0)
FNF:1
FNH:0
FNDA:0,(anonymous_0)
DA:10,0
DA:11,0
DA:14,0
LF:3
LH:0
BRF:0
BRH:0
end_of_record
TN:
SF:src/Components/pages/searchResults/index.tsx
FN:5,(anonymous_0)
FNF:1
FNH:1
FNDA:2,(anonymous_0)
DA:5,1
DA:6,2
LF:2
LH:2
BRF:0
BRH:0
end_of_record
TN:
SF:src/Components/templates/landingTemplate/index.stories.tsx
FN:12,(anonymous_0)
FNF:1
FNH:0
FNDA:0,(anonymous_0)
DA:12,0
DA:13,0
DA:15,0
DA:17,0
DA:21,0
DA:23,0
LF:6
LH:0
BRF:0
BRH:0
end_of_record
TN:
SF:src/Components/templates/landingTemplate/index.tsx
FN:9,(anonymous_0)
FNF:1
FNH:1
FNDA:7,(anonymous_0)
DA:9,5
DA:10,7
LF:2
LH:2
BRF:0
BRH:0
end_of_record
TN:
SF:src/core-utils/colors.tsx
FNF:0
FNH:0
DA:1,9
LF:1
LH:1
BRF:0
BRH:0
end_of_record
TN:
SF:src/core-utils/theme.ts
FNF:0
FNH:0
DA:3,22
LF:1
LH:1
BRF:0
BRH:0
end_of_record
TN:
SF:src/core-utils/messages/index.tsx
FNF:0
FNH:0
DA:1,15
DA:2,15
DA:3,15
DA:4,15
DA:5,15
DA:6,15
DA:7,15
DA:9,15
DA:11,15
DA:12,15
DA:13,15
DA:14,15
DA:15,15
DA:17,15
DA:18,15
DA:19,15
DA:20,15
DA:22,15
DA:23,15
DA:25,15
DA:26,15
DA:27,15
DA:28,15
DA:29,15
DA:30,15
DA:31,15
DA:32,15
DA:33,15
DA:34,15
DA:35,15
DA:36,15
DA:37,15
DA:38,15
LF:33
LH:33
BRF:0
BRH:0
end_of_record
TN:
SF:src/mocks/browser.js
FNF:0
FNH:0
DA:4,0
LF:1
LH:0
BRF:0
BRH:0
end_of_record
TN:
SF:src/mocks/handlers.js
FN:5,(anonymous_0)
FN:7,(anonymous_1)
FN:10,(anonymous_2)
FNF:3
FNH:0
FNDA:0,(anonymous_0)
FNDA:0,(anonymous_1)
FNDA:0,(anonymous_2)
DA:4,31
DA:6,0
DA:7,0
DA:8,0
DA:11,0
LF:5
LH:1
BRF:0
BRH:0
end_of_record
TN:
SF:src/mocks/server.js
FNF:0
FNH:0
DA:6,31
LF:1
LH:1
BRF:0
BRH:0
end_of_record
